#
# A fatal error has been detected by the Java Runtime Environment:
#
#  SIGSEGV (0xb) at pc=0x0000785eb1e20671, pid=22973, tid=22974
#
# JRE version: OpenJDK Runtime Environment Temurin-21.0.8+9 (21.0.8+9) (build 21.0.8+9-LTS)
# Java VM: OpenJDK 64-Bit Server VM Temurin-21.0.8+9 (21.0.8+9-LTS, mixed mode, sharing, tiered, compressed oops, compressed class ptrs, g1 gc, linux-amd64)
# Problematic frame:
# J 107 c1 java.lang.ClassLoader.checkName(Ljava/lang/String;)Z java.base@21.0.8 (37 bytes) @ 0x0000785eb1e20671 [0x0000785eb1e204a0+0x00000000000001d1]
#
# Core dump will be written. Default location: Core dumps may be processed with "/usr/share/apport/apport -p%p -s%s -c%c -d%d -P%P -u%u -g%g -F%F -- %E" (or dumping to /opt/lampp/htdocs/web-rpl2/core.22973)
#
# If you would like to submit a bug report, please visit:
#   https://github.com/adoptium/adoptium-support/issues
#

---------------  S U M M A R Y ------------

Command Line: /home/ubay/.vscode/extensions/sonarsource.sonarlint-vscode-4.31.0-linux-x64/server/sonarlint-ls.jar -stdio -analyzers /home/ubay/.vscode/extensions/sonarsource.sonarlint-vscode-4.31.0-linux-x64/analyzers/sonargo.jar /home/ubay/.vscode/extensions/sonarsource.sonarlint-vscode-4.31.0-linux-x64/analyzers/sonarjava.jar /home/ubay/.vscode/extensions/sonarsource.sonarlint-vscode-4.31.0-linux-x64/analyzers/sonarjavasymbolicexecution.jar /home/ubay/.vscode/extensions/sonarsource.sonarlint-vscode-4.31.0-linux-x64/analyzers/sonarjs.jar /home/ubay/.vscode/extensions/sonarsource.sonarlint-vscode-4.31.0-linux-x64/analyzers/sonarphp.jar /home/ubay/.vscode/extensions/sonarsource.sonarlint-vscode-4.31.0-linux-x64/analyzers/sonarpython.jar /home/ubay/.vscode/extensions/sonarsource.sonarlint-vscode-4.31.0-linux-x64/analyzers/sonarhtml.jar /home/ubay/.vscode/extensions/sonarsource.sonarlint-vscode-4.31.0-linux-x64/analyzers/sonarxml.jar /home/ubay/.vscode/extensions/sonarsource.sonarlint-vscode-4.31.0-linux-x64/analyzers/sonartext.jar /home/ubay/.vscode/extensions/sonarsource.sonarlint-vscode-4.31.0-linux-x64/analyzers/sonariac.jar /home/ubay/.vscode/extensions/sonarsource.sonarlint-vscode-4.31.0-linux-x64/analyzers/sonarlintomnisharp.jar /home/ubay/.vscode/extensions/sonarsource.sonarlint_ondemand-analyzers/sonar-cfamily-plugin/6.71.0.87975/sonarcfamily.jar

Host: Intel(R) Core(TM) i5-9300H CPU @ 2.40GHz, 8 cores, 31G, Ubuntu 24.04.3 LTS
Time: Tue Feb  3 07:45:09 2026 WIB elapsed time: 0.311400 seconds (0d 0h 0m 0s)

---------------  T H R E A D  ---------------

Current thread (0x0000785ec402bba0):  JavaThread "main"             [_thread_in_Java, id=22974, stack(0x0000785ec8217000,0x0000785ec8317000) (1024K)]

Stack: [0x0000785ec8217000,0x0000785ec8317000],  sp=0x0000785ec8313f90,  free space=1011k
Native frames: (J=compiled Java code, j=interpreted, Vv=VM code, C=native code)
J 107 c1 java.lang.ClassLoader.checkName(Ljava/lang/String;)Z java.base@21.0.8 (37 bytes) @ 0x0000785eb1e20671 [0x0000785eb1e204a0+0x00000000000001d1]
J 161 c1 jdk.internal.loader.BuiltinClassLoader.loadClassOrNull(Ljava/lang/String;Z)Ljava/lang/Class; java.base@21.0.8 (143 bytes) @ 0x0000785eb1e2fea4 [0x0000785eb1e2fce0+0x00000000000001c4]
J 569 c1 jdk.internal.loader.ClassLoaders$AppClassLoader.loadClass(Ljava/lang/String;Z)Ljava/lang/Class; java.base@21.0.8 (40 bytes) @ 0x0000785eb1ecc7c4 [0x0000785eb1ecc5e0+0x00000000000001e4]
J 512 c1 java.lang.ClassLoader.loadClass(Ljava/lang/String;)Ljava/lang/Class; java.base@21.0.8 (7 bytes) @ 0x0000785eb1eb5c4c [0x0000785eb1eb5b40+0x000000000000010c]
v  ~StubRoutines::call_stub 0x0000785eb9337cc6
V  [libjvm.so+0x915b55]  JavaCalls::call_helper(JavaValue*, methodHandle const&, JavaCallArguments*, JavaThread*)+0x2e5
V  [libjvm.so+0x917702]  JavaCalls::call_virtual(JavaValue*, Handle, Klass*, Symbol*, Symbol*, Handle, JavaThread*)+0x1e2
V  [libjvm.so+0xf3ffd2]  SystemDictionary::load_instance_class_impl(Symbol*, Handle, JavaThread*)+0x182
V  [libjvm.so+0xf3e4fc]  SystemDictionary::load_instance_class(Symbol*, Handle, JavaThread*)+0x1c
V  [libjvm.so+0xf3f080]  SystemDictionary::resolve_instance_class_or_null(Symbol*, Handle, Handle, JavaThread*)+0xa00
V  [libjvm.so+0xf4043e]  SystemDictionary::resolve_or_fail(Symbol*, Handle, Handle, bool, JavaThread*)+0x5e
V  [libjvm.so+0x9f05bd]  find_class_from_class_loader(JNIEnv_*, Symbol*, unsigned char, Handle, Handle, unsigned char, JavaThread*)+0x2d
V  [libjvm.so+0x9fa232]  JVM_FindClassFromCaller+0x122
C  [libjava.so+0xe787]  Java_java_lang_Class_forName0+0xd7
J 353  java.lang.Class.forName0(Ljava/lang/String;ZLjava/lang/ClassLoader;Ljava/lang/Class;)Ljava/lang/Class; java.base@21.0.8 (0 bytes) @ 0x0000785eb98e912d [0x0000785eb98e9020+0x000000000000010d]
J 539 c1 java.lang.Class.forName(Ljava/lang/String;ZLjava/lang/ClassLoader;Ljava/lang/Class;)Ljava/lang/Class; java.base@21.0.8 (41 bytes) @ 0x0000785eb1ebf2bc [0x0000785eb1ebf1c0+0x00000000000000fc]
J 538 c1 java.lang.Class.forName(Ljava/lang/String;ZLjava/lang/ClassLoader;)Ljava/lang/Class; java.base@21.0.8 (24 bytes) @ 0x0000785eb1ebedd4 [0x0000785eb1ebecc0+0x0000000000000114]
j  sun.reflect.generics.factory.CoreReflectionFactory.makeNamedType(Ljava/lang/String;)Ljava/lang/reflect/Type;+6 java.base@21.0.8
j  sun.reflect.generics.visitor.Reifier.visitClassTypeSignature(Lsun/reflect/generics/tree/ClassTypeSignature;)V+173 java.base@21.0.8
j  sun.reflect.generics.tree.ClassTypeSignature.accept(Lsun/reflect/generics/visitor/TypeTreeVisitor;)V+2 java.base@21.0.8
j  sun.reflect.generics.visitor.Reifier.reifyTypeArguments([Lsun/reflect/generics/tree/TypeArgument;)[Ljava/lang/reflect/Type;+18 java.base@21.0.8
j  sun.reflect.generics.visitor.Reifier.visitClassTypeSignature(Lsun/reflect/generics/tree/ClassTypeSignature;)V+250 java.base@21.0.8
j  sun.reflect.generics.tree.ClassTypeSignature.accept(Lsun/reflect/generics/visitor/TypeTreeVisitor;)V+2 java.base@21.0.8
j  sun.reflect.generics.repository.MethodRepository.computeReturnType()Ljava/lang/reflect/Type;+16 java.base@21.0.8
j  sun.reflect.generics.repository.MethodRepository.getReturnType()Ljava/lang/reflect/Type;+10 java.base@21.0.8
j  java.lang.reflect.Method.getGenericReturnType()Ljava/lang/reflect/Type;+11 java.base@21.0.8
j  org.eclipse.lsp4j.jsonrpc.services.ServiceEndpoints.lambda$getSupportedMethods$0(Ljava/util/Map;Lorg/eclipse/lsp4j/jsonrpc/services/AnnotationUtil$MethodInfo;)V+26
j  org.eclipse.lsp4j.jsonrpc.services.ServiceEndpoints$$Lambda+0x0000785e5002d218.accept(Ljava/lang/Object;)V+8
j  org.eclipse.lsp4j.jsonrpc.services.AnnotationUtil.findRpcMethods(Ljava/lang/Class;Ljava/util/Set;Ljava/util/function/Consumer;)V+111
j  org.eclipse.lsp4j.jsonrpc.services.AnnotationUtil.findRpcMethods(Ljava/lang/Class;Ljava/util/Set;Ljava/util/function/Consumer;)V+53
j  org.eclipse.lsp4j.jsonrpc.services.ServiceEndpoints.getSupportedMethods(Ljava/lang/Class;Ljava/util/Set;)Ljava/util/Map;+16
j  org.eclipse.lsp4j.jsonrpc.services.ServiceEndpoints.getSupportedMethods(Ljava/lang/Class;)Ljava/util/Map;+10
j  org.eclipse.lsp4j.jsonrpc.Launcher$Builder.getSupportedMethods()Ljava/util/Map;+106
j  org.eclipse.lsp4j.jsonrpc.Launcher$Builder.createJsonHandler()Lorg/eclipse/lsp4j/jsonrpc/json/MessageJsonHandler;+1
j  org.eclipse.lsp4j.jsonrpc.Launcher$Builder.create()Lorg/eclipse/lsp4j/jsonrpc/Launcher;+69
j  org.sonarsource.sonarlint.ls.SonarLintLanguageServer.<init>(Ljava/io/InputStream;Ljava/io/OutputStream;Ljava/util/List;)V+60
j  org.sonarsource.sonarlint.ls.SonarLintLanguageServer.byStdio(Ljava/util/List;)Lorg/sonarsource/sonarlint/ls/SonarLintLanguageServer;+11
j  org.sonarsource.sonarlint.ls.ServerMain.call()Ljava/lang/Integer;+15
j  org.sonarsource.sonarlint.ls.ServerMain.call()Ljava/lang/Object;+1
j  picocli.CommandLine.executeUserObject(Lpicocli/CommandLine;Ljava/util/List;)Ljava/util/List;+170
j  picocli.CommandLine.access$1500(Lpicocli/CommandLine;Ljava/util/List;)Ljava/util/List;+2
j  picocli.CommandLine$RunLast.executeUserObjectOfLastSubcommandWithSameParent(Ljava/util/List;)Ljava/util/List;+73
j  picocli.CommandLine$RunLast.handle(Lpicocli/CommandLine$ParseResult;)Ljava/util/List;+4
j  picocli.CommandLine$RunLast.handle(Lpicocli/CommandLine$ParseResult;)Ljava/lang/Object;+2
j  picocli.CommandLine$AbstractParseResultHandler.execute(Lpicocli/CommandLine$ParseResult;)I+40
j  picocli.CommandLine$RunLast.execute(Lpicocli/CommandLine$ParseResult;)I+2
j  picocli.CommandLine.execute([Ljava/lang/String;)I+31
j  org.sonarsource.sonarlint.ls.ServerMain.main([Ljava/lang/String;)V+15
v  ~StubRoutines::call_stub 0x0000785eb9337cc6
V  [libjvm.so+0x915b55]  JavaCalls::call_helper(JavaValue*, methodHandle const&, JavaCallArguments*, JavaThread*)+0x2e5
V  [libjvm.so+0x9bfaf0]  jni_invoke_static(JNIEnv_*, JavaValue*, _jobject*, JNICallType, _jmethodID*, JNI_ArgumentPusher*, JavaThread*) [clone .constprop.1]+0x390
V  [libjvm.so+0x9c29d7]  jni_CallStaticVoidMethod+0x167
C  [libjli.so+0xa6d4]  JavaMain+0x1054
C  [libjli.so+0xd259]  ThreadJavaMain+0x9
C  [libc.so.6+0x9caa4]

siginfo: si_signo: 11 (SIGSEGV), si_code: 1 (SEGV_MAPERR), si_addr: 0x00007c5e44026400

Registers:
RAX=0x00000000ffffffff, RBX=0x00000000ffffffff, RCX=0x0000000000000072, RDX=0x00000000000001f8
RSP=0x0000785ec8313f90, RBP=0x0000785ec8314220, RSI=0x00007c5e44026208, RDI=0x000000062b553058
R8 =0x0000000000000029, R9 =0x000000000000002f, R10=0x000000062b553048, R11=0x0000000000000000
R12=0x0000000000000000, R13=0x0000000041aed798, R14=0x000000062b553088, R15=0x0000785ec402bba0
RIP=0x0000785eb1e20671, EFLAGS=0x0000000000010246, CSGSFS=0x002b000000000033, ERR=0x0000000000000004
  TRAPNO=0x000000000000000e

XMM[0]=0x2f2f2f2f2f2f2f2f 0x2f2f2f2f2f2f2f2f
XMM[1]=0x0000000000000000 0x0000000000000000
XMM[2]=0x0000000000000000 0x0000000000000000
XMM[3]=0xee830681e1ddc99f 0x59db6a41e191dddf
XMM[4]=0x000e178101b4d89f 0x34e63b4167e12cdf
XMM[5]=0x6c5b0f2e45790cf9 0x4fa92cf20cebb1b1
XMM[6]=0x437c1d2e12c2a0bb 0x5447d83340ae8190
XMM[7]=0x24dbebf385d57bd6 0x256d17ae6665de56
XMM[8]=0x058f45e5ba003bb3 0x815ea5ae2c145a3d
XMM[9]=0x2d74d12a2d74d12a 0x2d74d12ad1874cc6
XMM[10]=0x0000000000000000 0x00000000a4127b9c
XMM[11]=0x6d3884096d388409 0x6d3884093ebfd0cf
XMM[12]=0x0000000000000000 0x00000000d1874cc6
XMM[13]=0x0000000000000000 0x0000000000000000
XMM[14]=0x0000000000000000 0x0000000000000000
XMM[15]=0x0000000000000000 0x0000000000000000
  MXCSR=0x00001fa2


Register to memory mapping:

RAX=0x00000000ffffffff is an unknown value
RBX=0x00000000ffffffff is an unknown value
RCX=0x0000000000000072 is an unknown value
RDX=0x00000000000001f8 is an unknown value
RSP=0x0000785ec8313f90 is pointing into the stack for thread: 0x0000785ec402bba0
RBP=0x0000785ec8314220 is pointing into the stack for thread: 0x0000785ec402bba0
RSI=0x00007c5e44026208 is an unknown value
RDI=
[error occurred during error reporting (printing register info), id 0xb, SIGSEGV (0xb) at pc=0x0000785ec8bd03ce]
R8 =0x0000000000000029 is an unknown value
R9 =0x000000000000002f is an unknown value
R10=0x000000062b553048 is an oop: [B 
{0x000000062b553048} - klass: {type array byte}
 - length: 41
R11=0x0 is null
R12=0x0 is null
R13=0x0000000041aed798 is an unknown value
R14=0x000000062b553088 is an oop: java.lang.Object 
{0x000000062b553088} - klass: 'java/lang/Object'
 - ---- fields (total size 2 words):
R15=0x0000785ec402bba0 is a thread

Top of Stack: (sp=0x0000785ec8313f90)
0x0000785ec8313f90:   0000785ec402bba0 0000785eb9330000
0x0000785ec8313fa0:   0000785ec8314220 0000785eb1e31554
0x0000785ec8313fb0:   0000785ec8313fe0 0000785ec8ce3e92
0x0000785ec8313fc0:   0000785ec8314018 0000000000000000
0x0000785ec8313fd0:   0000000000000001 0000785e4f014238
0x0000785ec8313fe0:   0000785ec8314020 0000785ec8f8cf2c
0x0000785ec8313ff0:   0000785ec8314090 000000062b553030
0x0000785ec8314000:   0000785ec402bba0 0000785ec402bba0
0x0000785ec8314010:   0000785ec8314220 0000785eb1e2fea4
0x0000785ec8314020:   0000785ec83141a0 0000785ec8f8ec71
0x0000785ec8314030:   0000785ec8314090 0000785eb933f180
0x0000785ec8314040:   000000062b552c70 0000785ec8314048
0x0000785ec8314050:   0000785e440bdee9 0000000000000005
0x0000785ec8314060:   0000785e440be498 0000000000000000
0x0000785ec8314070:   000000062b8d0e88 0000000000000000
0x0000785ec8314080:   0000785e4f0145e0 00000007ffceb8a8
0x0000785ec8314090:   000000062b553030 0000785e00000000
0x0000785ec83140a0:   000000062b553088 0000000000000000
0x0000785ec83140b0:   000000062b552380 000000062b552c70
0x0000785ec83140c0:   0000000000000001 000000062b553088
0x0000785ec83140d0:   0000785e440bdf97 0000000000000004
0x0000785ec83140e0:   0000785ec8314220 0000785eb1ecc7c4
0x0000785ec83140f0:   000000062b8d0e88 0000785ec8a57818
0x0000785ec8314100:   0000000000000000 0000000000000000
0x0000785ec8314110:   0000785ec8314130 0000785ec90f2173
0x0000785ec8314120:   00000007ffceb8a8 0000785ec402c728
0x0000785ec8314130:   0000785ec8314150 0000785ec4141640
0x0000785ec8314140:   000000062b553030 0000785ec4141640
0x0000785ec8314150:   0000785ec8314320 0000785ec933e78a
0x0000785ec8314160:   0000785ec8314220 0000785eb1eb5c4c
0x0000785ec8314170:   0000785ec830f660 0000785ec8314340
0x0000785ec8314180:   0000785ec8314340 0000785ec402bba0 

Instructions: (pc=0x0000785eb1e20671)
0x0000785eb1e20571:   75 07 48 c7 c1 48 01 00 00 48 8b 3c 0a 48 8d 7f
0x0000785eb1e20581:   01 48 89 3c 0a 0f 85 1a 00 00 00 48 ba 70 e4 01
0x0000785eb1e20591:   44 5e 78 00 00 ff 82 58 01 00 00 ba 01 00 00 00
0x0000785eb1e205a1:   e9 05 00 00 00 ba 00 00 00 00 83 e2 01 85 d2 48
0x0000785eb1e205b1:   ba 08 62 02 44 5e 78 00 00 48 c7 c1 a0 01 00 00
0x0000785eb1e205c1:   75 07 48 c7 c1 90 01 00 00 48 8b 3c 0a 48 8d 7f
0x0000785eb1e205d1:   01 48 89 3c 0a 0f 85 15 03 00 00 48 8b d6 48 b9
0x0000785eb1e205e1:   08 62 02 44 5e 78 00 00 48 83 81 b0 01 00 00 01
0x0000785eb1e205f1:   48 ba 50 5a 02 44 5e 78 00 00 8b 8a f4 00 00 00
0x0000785eb1e20601:   83 c1 02 89 8a f4 00 00 00 81 e1 fe ff 1f 00 85
0x0000785eb1e20611:   c9 0f 84 40 03 00 00 48 8b d6 48 b9 50 5a 02 44
0x0000785eb1e20621:   5e 78 00 00 48 83 81 38 01 00 00 01 ba 2f 00 00
0x0000785eb1e20631:   00 b9 00 00 00 00 48 8b fe 48 8b f7 48 89 7c 24
0x0000785eb1e20641:   68 0f 1f 44 00 00 e8 74 90 ad 07 0f 1f 84 00 bc
0x0000785eb1e20651:   03 00 00 83 f8 ff 48 be 08 62 02 44 5e 7c 00 00
0x0000785eb1e20661:   48 c7 c2 e8 01 00 00 75 07 48 c7 c2 f8 01 00 00
0x0000785eb1e20671:   48 8b 3c 16 48 8d 7f 01 48 89 3c 16 0f 85 38 02
0x0000785eb1e20681:   00 00 48 8b 74 24 68 48 ba 08 62 02 44 5e 78 00
0x0000785eb1e20691:   00 48 83 82 08 02 00 00 01 48 be 60 de 00 44 5e
0x0000785eb1e206a1:   78 00 00 8b 96 f4 00 00 00 83 c2 02 89 96 f4 00
0x0000785eb1e206b1:   00 00 81 e2 fe ff 1f 00 85 d2 0f 84 b8 02 00 00
0x0000785eb1e206c1:   48 8b 74 24 68 48 ba 60 de 00 44 5e 78 00 00 48
0x0000785eb1e206d1:   83 82 38 01 00 00 01 48 be 58 c9 00 44 5e 78 00
0x0000785eb1e206e1:   00 8b 96 f4 00 00 00 83 c2 02 89 96 f4 00 00 00
0x0000785eb1e206f1:   81 e2 fe ff 1f 00 85 d2 0f 84 9b 02 00 00 48 be
0x0000785eb1e20701:   58 c9 00 44 5e 78 00 00 ff 86 48 01 00 00 48 8b
0x0000785eb1e20711:   74 24 68 0f be 56 10 85 d2 48 ba 58 c9 00 44 5e
0x0000785eb1e20721:   78 00 00 48 c7 c7 58 01 00 00 75 07 48 c7 c7 68
0x0000785eb1e20731:   01 00 00 48 8b 1c 3a 48 8d 5b 01 48 89 1c 3a 0f
0x0000785eb1e20741:   85 1a 00 00 00 48 ba 58 c9 00 44 5e 78 00 00 ff
0x0000785eb1e20751:   82 78 01 00 00 ba 01 00 00 00 e9 05 00 00 00 ba
0x0000785eb1e20761:   00 00 00 00 83 e2 01 85 d2 48 ba 60 de 00 44 5e 


Stack slot to memory mapping:

stack at sp + 0 slots: 0x0000785ec402bba0 is a thread
stack at sp + 1 slots: 0x0000785eb9330000 is an unknown value
stack at sp + 2 slots: 0x0000785ec8314220 is pointing into the stack for thread: 0x0000785ec402bba0
stack at sp + 3 slots: 0x0000785eb1e31554 is at entry_point+404 in (nmethod*)0x0000785eb1e31210
Compiled method (c1) 336  162       3       java.lang.ClassLoader::getClassLoadingLock (35 bytes)
 total in heap  [0x0000785eb1e31210,0x0000785eb1e317d8] = 1480
 relocation     [0x0000785eb1e31368,0x0000785eb1e313c0] = 88
 main code      [0x0000785eb1e313c0,0x0000785eb1e31668] = 680
 stub code      [0x0000785eb1e31668,0x0000785eb1e316a8] = 64
 metadata       [0x0000785eb1e316a8,0x0000785eb1e316c8] = 32
 scopes data    [0x0000785eb1e316c8,0x0000785eb1e31740] = 120
 scopes pcs     [0x0000785eb1e31740,0x0000785eb1e317c0] = 128
 dependencies   [0x0000785eb1e317c0,0x0000785eb1e317c8] = 8
 nul chk table  [0x0000785eb1e317c8,0x0000785eb1e317d8] = 16
stack at sp + 4 slots: 0x0000785ec8313fe0 is pointing into the stack for thread: 0x0000785ec402bba0
stack at sp + 5 slots: 0x0000785ec8ce3e92: <offset 0x00000000008e3e92> in /home/ubay/.vscode/extensions/sonarsource.sonarlint-vscode-4.31.0-linux-x64/jre/21.0.8-linux-x86_64.tar/lib/server/libjvm.so at 0x0000785ec8400000
stack at sp + 6 slots: 0x0000785ec8314018 is pointing into the stack for thread: 0x0000785ec402bba0
stack at sp + 7 slots: 0x0 is null


Compiled method (c1) 336  107       3       java.lang.ClassLoader::checkName (37 bytes)
 total in heap  [0x0000785eb1e20290,0x0000785eb1e20d18] = 2696
 relocation     [0x0000785eb1e203e8,0x0000785eb1e20498] = 176
 main code      [0x0000785eb1e204a0,0x0000785eb1e20aa0] = 1536
 stub code      [0x0000785eb1e20aa0,0x0000785eb1e20af0] = 80
 oops           [0x0000785eb1e20af0,0x0000785eb1e20af8] = 8
 metadata       [0x0000785eb1e20af8,0x0000785eb1e20b30] = 56
 scopes data    [0x0000785eb1e20b30,0x0000785eb1e20be0] = 176
 scopes pcs     [0x0000785eb1e20be0,0x0000785eb1e20cf0] = 272
 dependencies   [0x0000785eb1e20cf0,0x0000785eb1e20cf8] = 8
 nul chk table  [0x0000785eb1e20cf8,0x0000785eb1e20d18] = 32

[Constant Pool (empty)]

[MachCode]
[Verified Entry Point]
  # {method} {0x0000785e4f4376d0} 'checkName' '(Ljava/lang/String;)Z' in 'java/lang/ClassLoader'
  # parm0:    rsi:rsi   = 'java/lang/String'
  #           [sp+0x90]  (sp of caller)
  0x0000785eb1e204a0: 8984 2400 | c0fe ff55 | 4881 ec80 | 0000 0090 | 4181 7f20 | 0100 0000 

  0x0000785eb1e204b8: ;   {runtime_call StubRoutines (final stubs)}
  0x0000785eb1e204b8: 7405 e8e1 

  0x0000785eb1e204bc: ;   {metadata(method data for {method} {0x0000785e4f4376d0} 'checkName' '(Ljava/lang/String;)Z' in 'java/lang/ClassLoader')}
  0x0000785eb1e204bc: af54 0748 | ba08 6202 | 445e 7800 | 008b 8af4 | 0000 0083 | c102 898a | f400 0000 | 81e1 fe07 
  0x0000785eb1e204dc: 0000 85c9 | 0f84 2604 | 0000 4885 

  0x0000785eb1e204e8: ;   {metadata(method data for {method} {0x0000785e4f4376d0} 'checkName' '(Ljava/lang/String;)Z' in 'java/lang/ClassLoader')}
  0x0000785eb1e204e8: f648 ba08 | 6202 445e | 7800 0048 | c7c1 3801 | 0000 7407 | 48c7 c148 | 0100 0048 | 8b3c 0a48 
  0x0000785eb1e20508: 8d7f 0148 | 893c 0a0f | 84dc 0300 | 0048 3b06 

  0x0000785eb1e20518: ;   {metadata(method data for {method} {0x0000785e4f4376d0} 'checkName' '(Ljava/lang/String;)Z' in 'java/lang/ClassLoader')}
  0x0000785eb1e20518: 488b d648 | b908 6202 | 445e 7800 | 0048 8381 | 5801 0000 

  0x0000785eb1e2052c: ;   {metadata(method data for {method} {0x0000785e4f00f130} 'isEmpty' '()Z' in 'java/lang/String')}
  0x0000785eb1e2052c: 0148 ba70 | e401 445e | 7800 008b | 8af4 0000 | 0083 c102 | 898a f400 | 0000 81e1 | feff 1f00 
  0x0000785eb1e2054c: 85c9 0f84 | de03 0000 | 8b56 1448 | c1e2 038b | 520c 85d2 

  0x0000785eb1e20560: ;   {metadata(method data for {method} {0x0000785e4f00f130} 'isEmpty' '()Z' in 'java/lang/String')}
  0x0000785eb1e20560: 48ba 70e4 | 0144 5e78 | 0000 48c7 | c138 0100 | 0075 0748 | c7c1 4801 | 0000 488b | 3c0a 488d 
  0x0000785eb1e20580: 7f01 4889 | 3c0a 0f85 | 1a00 0000 

  0x0000785eb1e2058c: ;   {metadata(method data for {method} {0x0000785e4f00f130} 'isEmpty' '()Z' in 'java/lang/String')}
  0x0000785eb1e2058c: 48ba 70e4 | 0144 5e78 | 0000 ff82 | 5801 0000 | ba01 0000 | 00e9 0500 | 0000 ba00 | 0000 0083 
  0x0000785eb1e205ac: e201 85d2 

  0x0000785eb1e205b0: ;   {metadata(method data for {method} {0x0000785e4f4376d0} 'checkName' '(Ljava/lang/String;)Z' in 'java/lang/ClassLoader')}
  0x0000785eb1e205b0: 48ba 0862 | 0244 5e78 | 0000 48c7 | c1a0 0100 | 0075 0748 | c7c1 9001 | 0000 488b | 3c0a 488d 
  0x0000785eb1e205d0: 7f01 4889 | 3c0a 0f85 | 1503 0000 

  0x0000785eb1e205dc: ;   {metadata(method data for {method} {0x0000785e4f4376d0} 'checkName' '(Ljava/lang/String;)Z' in 'java/lang/ClassLoader')}
  0x0000785eb1e205dc: 488b d648 | b908 6202 | 445e 7800 | 0048 8381 | b001 0000 

  0x0000785eb1e205f0: ;   {metadata(method data for {method} {0x0000785e4f457920} 'indexOf' '(I)I' in 'java/lang/String')}
  0x0000785eb1e205f0: 0148 ba50 | 5a02 445e | 7800 008b | 8af4 0000 | 0083 c102 | 898a f400 | 0000 81e1 | feff 1f00 
  0x0000785eb1e20610: 85c9 0f84 | 4003 0000 

  0x0000785eb1e20618: ;   {metadata(method data for {method} {0x0000785e4f457920} 'indexOf' '(I)I' in 'java/lang/String')}
  0x0000785eb1e20618: 488b d648 | b950 5a02 | 445e 7800 | 0048 8381 | 3801 0000 | 01ba 2f00 | 0000 b900 | 0000 0048 
  0x0000785eb1e20638: 8bfe 488b | f748 897c | 2468 0f1f 

  0x0000785eb1e20644: ;   {optimized virtual_call}
  0x0000785eb1e20644: 4400 00e8 

  0x0000785eb1e20648: ; ImmutableOopMap {[104]=Oop }
                      ;*invokevirtual indexOf {reexecute=0 rethrow=0 return_oop=0}
                      ; - java.lang.String::indexOf@3
                      ; - java.lang.ClassLoader::checkName@16
  0x0000785eb1e20648: 7490 ad07 

  0x0000785eb1e2064c: ;   {other}
  0x0000785eb1e2064c: 0f1f 8400 | bc03 0000 
[error occurred during error reporting (printing code blobs if possible), id 0xb, SIGSEGV (0xb) at pc=0x0000785ec90ccec1]

---------------  P R O C E S S  ---------------

Threads class SMR info:
_java_thread_list=0x0000785e240690b0, length=12, elements={
0x0000785ec402bba0, 0x0000785ec4132390, 0x0000785ec4133a10, 0x0000785ec4135190,
0x0000785ec41367c0, 0x0000785ec4137d50, 0x0000785ec4139880, 0x0000785ec413af30,
0x0000785ec41469d0, 0x0000785ec4149910, 0x0000785e24066c90, 0x0000785e24067f50
}

Java Threads: ( => current thread )
=>0x0000785ec402bba0 JavaThread "main"                              [_thread_in_Java, id=22974, stack(0x0000785ec8217000,0x0000785ec8317000) (1024K)]
  0x0000785ec4132390 JavaThread "Reference Handler"          daemon [_thread_blocked, id=22982, stack(0x0000785ea4818000,0x0000785ea4918000) (1024K)]
  0x0000785ec4133a10 JavaThread "Finalizer"                  daemon [_thread_blocked, id=22983, stack(0x0000785ea4100000,0x0000785ea4200000) (1024K)]
  0x0000785ec4135190 JavaThread "Signal Dispatcher"          daemon [_thread_blocked, id=22984, stack(0x0000785ea4000000,0x0000785ea4100000) (1024K)]
  0x0000785ec41367c0 JavaThread "Service Thread"             daemon [_thread_blocked, id=22985, stack(0x0000785e4ef00000,0x0000785e4f000000) (1024K)]
  0x0000785ec4137d50 JavaThread "Monitor Deflation Thread"   daemon [_thread_blocked, id=22986, stack(0x0000785e4ee00000,0x0000785e4ef00000) (1024K)]
  0x0000785ec4139880 JavaThread "C2 CompilerThread0"         daemon [_thread_blocked, id=22987, stack(0x0000785e4ed00000,0x0000785e4ee00000) (1024K)]
  0x0000785ec413af30 JavaThread "C1 CompilerThread0"         daemon [_thread_blocked, id=22988, stack(0x0000785e4ec00000,0x0000785e4ed00000) (1024K)]
  0x0000785ec41469d0 JavaThread "Notification Thread"        daemon [_thread_blocked, id=22989, stack(0x0000785e4eb00000,0x0000785e4ec00000) (1024K)]
  0x0000785ec4149910 JavaThread "Common-Cleaner"             daemon [_thread_blocked, id=22990, stack(0x0000785e4ea00000,0x0000785e4eb00000) (1024K)]
  0x0000785e24066c90 JavaThread "C2 CompilerThread1"         daemon [_thread_blocked, id=22992, stack(0x0000785e4e900000,0x0000785e4ea00000) (1024K)]
  0x0000785e24067f50 JavaThread "C2 CompilerThread2"         daemon [_thread_blocked, id=22993, stack(0x0000785e4e800000,0x0000785e4e900000) (1024K)]
Total: 12

Other Threads:
  0x0000785ec41290d0 VMThread "VM Thread"                           [id=22981, stack(0x0000785ea4919000,0x0000785ea4a19000) (1024K)]
  0x0000785ec41173b0 WatcherThread "VM Periodic Task Thread"        [id=22980, stack(0x0000785ea4a1a000,0x0000785ea4b1a000) (1024K)]
  0x0000785ec40567f0 WorkerThread "GC Thread#0"                     [id=22975, stack(0x0000785ea7873000,0x0000785ea7973000) (1024K)]
  0x0000785ec4067720 ConcurrentGCThread "G1 Main Marker"            [id=22976, stack(0x0000785ea7772000,0x0000785ea7872000) (1024K)]
  0x0000785ec40686c0 WorkerThread "G1 Conc#0"                       [id=22977, stack(0x0000785ea7671000,0x0000785ea7771000) (1024K)]
  0x0000785ec40fc870 ConcurrentGCThread "G1 Refine#0"               [id=22978, stack(0x0000785ea4cf8000,0x0000785ea4df8000) (1024K)]
  0x0000785ec40fd820 ConcurrentGCThread "G1 Service"                [id=22979, stack(0x0000785ea4bf7000,0x0000785ea4cf7000) (1024K)]
Total: 7

Threads with active compile tasks:
Total: 0

VM state: not at safepoint (normal execution)

VM Mutex/Monitor currently owned by a thread: None

Heap address: 0x000000060cc00000, size: 7988 MB, Compressed Oops mode: Zero based, Oop shift amount: 3

CDS archive(s) mapped at: [0x0000785e4f000000-0x0000785e4fbbf000-0x0000785e4fbbf000), size 12316672, SharedBaseAddress: 0x0000785e4f000000, ArchiveRelocationMode: 1.
Compressed class space mapped at: 0x0000785e50000000-0x0000785e90000000, reserved size: 1073741824
Narrow klass base: 0x0000785e4f000000, Narrow klass shift: 0, Narrow klass range: 0x100000000

GC Precious Log:
 CardTable entry size: 512
 Card Set container configuration: InlinePtr #cards 4 size 8 Array Of Cards #cards 32 size 80 Howl #buckets 8 coarsen threshold 7372 Howl Bitmap #cards 1024 size 144 coarsen threshold 921 Card regions per heap region 1 cards per card region 8192
 CPUs: 8 total, 8 available
 Memory: 31939M
 Large Page Support: Disabled
 NUMA Support: Disabled
 Compressed Oops: Enabled (Zero based)
 Heap Region Size: 4M
 Heap Min Capacity: 8M
 Heap Initial Capacity: 500M
 Heap Max Capacity: 7988M
 Pre-touch: Disabled
 Parallel Workers: 8
 Concurrent Workers: 2
 Concurrent Refinement Workers: 8
 Periodic GC: Disabled

Heap:
 garbage-first heap   total 516096K, used 17450K [0x000000060cc00000, 0x0000000800000000)
  region size 4096K, 3 young (12288K), 0 survivors (0K)
 Metaspace       used 3511K, committed 3712K, reserved 1114112K
  class space    used 372K, committed 448K, reserved 1048576K

Heap Regions: E=young(eden), S=young(survivor), O=old, HS=humongous(starts), HC=humongous(continues), CS=collection set, F=free, TAMS=top-at-mark-start, PB=parsable bottom
|   0|0x000000060cc00000, 0x000000060d000000, 0x000000060d000000|100%|HS|  |TAMS 0x000000060cc00000| PB 0x000000060cc00000| Complete 
|   1|0x000000060d000000, 0x000000060d400000, 0x000000060d400000|100%|HS|  |TAMS 0x000000060d000000| PB 0x000000060d000000| Complete 
|   2|0x000000060d400000, 0x000000060d400000, 0x000000060d800000|  0%| F|  |TAMS 0x000000060d400000| PB 0x000000060d400000| Untracked 
|   3|0x000000060d800000, 0x000000060d800000, 0x000000060dc00000|  0%| F|  |TAMS 0x000000060d800000| PB 0x000000060d800000| Untracked 
|   4|0x000000060dc00000, 0x000000060dc00000, 0x000000060e000000|  0%| F|  |TAMS 0x000000060dc00000| PB 0x000000060dc00000| Untracked 
|   5|0x000000060e000000, 0x000000060e000000, 0x000000060e400000|  0%| F|  |TAMS 0x000000060e000000| PB 0x000000060e000000| Untracked 
|   6|0x000000060e400000, 0x000000060e400000, 0x000000060e800000|  0%| F|  |TAMS 0x000000060e400000| PB 0x000000060e400000| Untracked 
|   7|0x000000060e800000, 0x000000060e800000, 0x000000060ec00000|  0%| F|  |TAMS 0x000000060e800000| PB 0x000000060e800000| Untracked 
|   8|0x000000060ec00000, 0x000000060ec00000, 0x000000060f000000|  0%| F|  |TAMS 0x000000060ec00000| PB 0x000000060ec00000| Untracked 
|   9|0x000000060f000000, 0x000000060f000000, 0x000000060f400000|  0%| F|  |TAMS 0x000000060f000000| PB 0x000000060f000000| Untracked 
|  10|0x000000060f400000, 0x000000060f400000, 0x000000060f800000|  0%| F|  |TAMS 0x000000060f400000| PB 0x000000060f400000| Untracked 
|  11|0x000000060f800000, 0x000000060f800000, 0x000000060fc00000|  0%| F|  |TAMS 0x000000060f800000| PB 0x000000060f800000| Untracked 
|  12|0x000000060fc00000, 0x000000060fc00000, 0x0000000610000000|  0%| F|  |TAMS 0x000000060fc00000| PB 0x000000060fc00000| Untracked 
|  13|0x0000000610000000, 0x0000000610000000, 0x0000000610400000|  0%| F|  |TAMS 0x0000000610000000| PB 0x0000000610000000| Untracked 
|  14|0x0000000610400000, 0x0000000610400000, 0x0000000610800000|  0%| F|  |TAMS 0x0000000610400000| PB 0x0000000610400000| Untracked 
|  15|0x0000000610800000, 0x0000000610800000, 0x0000000610c00000|  0%| F|  |TAMS 0x0000000610800000| PB 0x0000000610800000| Untracked 
|  16|0x0000000610c00000, 0x0000000610c00000, 0x0000000611000000|  0%| F|  |TAMS 0x0000000610c00000| PB 0x0000000610c00000| Untracked 
|  17|0x0000000611000000, 0x0000000611000000, 0x0000000611400000|  0%| F|  |TAMS 0x0000000611000000| PB 0x0000000611000000| Untracked 
|  18|0x0000000611400000, 0x0000000611400000, 0x0000000611800000|  0%| F|  |TAMS 0x0000000611400000| PB 0x0000000611400000| Untracked 
|  19|0x0000000611800000, 0x0000000611800000, 0x0000000611c00000|  0%| F|  |TAMS 0x0000000611800000| PB 0x0000000611800000| Untracked 
|  20|0x0000000611c00000, 0x0000000611c00000, 0x0000000612000000|  0%| F|  |TAMS 0x0000000611c00000| PB 0x0000000611c00000| Untracked 
|  21|0x0000000612000000, 0x0000000612000000, 0x0000000612400000|  0%| F|  |TAMS 0x0000000612000000| PB 0x0000000612000000| Untracked 
|  22|0x0000000612400000, 0x0000000612400000, 0x0000000612800000|  0%| F|  |TAMS 0x0000000612400000| PB 0x0000000612400000| Untracked 
|  23|0x0000000612800000, 0x0000000612800000, 0x0000000612c00000|  0%| F|  |TAMS 0x0000000612800000| PB 0x0000000612800000| Untracked 
|  24|0x0000000612c00000, 0x0000000612c00000, 0x0000000613000000|  0%| F|  |TAMS 0x0000000612c00000| PB 0x0000000612c00000| Untracked 
|  25|0x0000000613000000, 0x0000000613000000, 0x0000000613400000|  0%| F|  |TAMS 0x0000000613000000| PB 0x0000000613000000| Untracked 
|  26|0x0000000613400000, 0x0000000613400000, 0x0000000613800000|  0%| F|  |TAMS 0x0000000613400000| PB 0x0000000613400000| Untracked 
|  27|0x0000000613800000, 0x0000000613800000, 0x0000000613c00000|  0%| F|  |TAMS 0x0000000613800000| PB 0x0000000613800000| Untracked 
|  28|0x0000000613c00000, 0x0000000613c00000, 0x0000000614000000|  0%| F|  |TAMS 0x0000000613c00000| PB 0x0000000613c00000| Untracked 
|  29|0x0000000614000000, 0x0000000614000000, 0x0000000614400000|  0%| F|  |TAMS 0x0000000614000000| PB 0x0000000614000000| Untracked 
|  30|0x0000000614400000, 0x0000000614400000, 0x0000000614800000|  0%| F|  |TAMS 0x0000000614400000| PB 0x0000000614400000| Untracked 
|  31|0x0000000614800000, 0x0000000614800000, 0x0000000614c00000|  0%| F|  |TAMS 0x0000000614800000| PB 0x0000000614800000| Untracked 
|  32|0x0000000614c00000, 0x0000000614c00000, 0x0000000615000000|  0%| F|  |TAMS 0x0000000614c00000| PB 0x0000000614c00000| Untracked 
|  33|0x0000000615000000, 0x0000000615000000, 0x0000000615400000|  0%| F|  |TAMS 0x0000000615000000| PB 0x0000000615000000| Untracked 
|  34|0x0000000615400000, 0x0000000615400000, 0x0000000615800000|  0%| F|  |TAMS 0x0000000615400000| PB 0x0000000615400000| Untracked 
|  35|0x0000000615800000, 0x0000000615800000, 0x0000000615c00000|  0%| F|  |TAMS 0x0000000615800000| PB 0x0000000615800000| Untracked 
|  36|0x0000000615c00000, 0x0000000615c00000, 0x0000000616000000|  0%| F|  |TAMS 0x0000000615c00000| PB 0x0000000615c00000| Untracked 
|  37|0x0000000616000000, 0x0000000616000000, 0x0000000616400000|  0%| F|  |TAMS 0x0000000616000000| PB 0x0000000616000000| Untracked 
|  38|0x0000000616400000, 0x0000000616400000, 0x0000000616800000|  0%| F|  |TAMS 0x0000000616400000| PB 0x0000000616400000| Untracked 
|  39|0x0000000616800000, 0x0000000616800000, 0x0000000616c00000|  0%| F|  |TAMS 0x0000000616800000| PB 0x0000000616800000| Untracked 
|  40|0x0000000616c00000, 0x0000000616c00000, 0x0000000617000000|  0%| F|  |TAMS 0x0000000616c00000| PB 0x0000000616c00000| Untracked 
|  41|0x0000000617000000, 0x0000000617000000, 0x0000000617400000|  0%| F|  |TAMS 0x0000000617000000| PB 0x0000000617000000| Untracked 
|  42|0x0000000617400000, 0x0000000617400000, 0x0000000617800000|  0%| F|  |TAMS 0x0000000617400000| PB 0x0000000617400000| Untracked 
|  43|0x0000000617800000, 0x0000000617800000, 0x0000000617c00000|  0%| F|  |TAMS 0x0000000617800000| PB 0x0000000617800000| Untracked 
|  44|0x0000000617c00000, 0x0000000617c00000, 0x0000000618000000|  0%| F|  |TAMS 0x0000000617c00000| PB 0x0000000617c00000| Untracked 
|  45|0x0000000618000000, 0x0000000618000000, 0x0000000618400000|  0%| F|  |TAMS 0x0000000618000000| PB 0x0000000618000000| Untracked 
|  46|0x0000000618400000, 0x0000000618400000, 0x0000000618800000|  0%| F|  |TAMS 0x0000000618400000| PB 0x0000000618400000| Untracked 
|  47|0x0000000618800000, 0x0000000618800000, 0x0000000618c00000|  0%| F|  |TAMS 0x0000000618800000| PB 0x0000000618800000| Untracked 
|  48|0x0000000618c00000, 0x0000000618c00000, 0x0000000619000000|  0%| F|  |TAMS 0x0000000618c00000| PB 0x0000000618c00000| Untracked 
|  49|0x0000000619000000, 0x0000000619000000, 0x0000000619400000|  0%| F|  |TAMS 0x0000000619000000| PB 0x0000000619000000| Untracked 
|  50|0x0000000619400000, 0x0000000619400000, 0x0000000619800000|  0%| F|  |TAMS 0x0000000619400000| PB 0x0000000619400000| Untracked 
|  51|0x0000000619800000, 0x0000000619800000, 0x0000000619c00000|  0%| F|  |TAMS 0x0000000619800000| PB 0x0000000619800000| Untracked 
|  52|0x0000000619c00000, 0x0000000619c00000, 0x000000061a000000|  0%| F|  |TAMS 0x0000000619c00000| PB 0x0000000619c00000| Untracked 
|  53|0x000000061a000000, 0x000000061a000000, 0x000000061a400000|  0%| F|  |TAMS 0x000000061a000000| PB 0x000000061a000000| Untracked 
|  54|0x000000061a400000, 0x000000061a400000, 0x000000061a800000|  0%| F|  |TAMS 0x000000061a400000| PB 0x000000061a400000| Untracked 
|  55|0x000000061a800000, 0x000000061a800000, 0x000000061ac00000|  0%| F|  |TAMS 0x000000061a800000| PB 0x000000061a800000| Untracked 
|  56|0x000000061ac00000, 0x000000061ac00000, 0x000000061b000000|  0%| F|  |TAMS 0x000000061ac00000| PB 0x000000061ac00000| Untracked 
|  57|0x000000061b000000, 0x000000061b000000, 0x000000061b400000|  0%| F|  |TAMS 0x000000061b000000| PB 0x000000061b000000| Untracked 
|  58|0x000000061b400000, 0x000000061b400000, 0x000000061b800000|  0%| F|  |TAMS 0x000000061b400000| PB 0x000000061b400000| Untracked 
|  59|0x000000061b800000, 0x000000061b800000, 0x000000061bc00000|  0%| F|  |TAMS 0x000000061b800000| PB 0x000000061b800000| Untracked 
|  60|0x000000061bc00000, 0x000000061bc00000, 0x000000061c000000|  0%| F|  |TAMS 0x000000061bc00000| PB 0x000000061bc00000| Untracked 
|  61|0x000000061c000000, 0x000000061c000000, 0x000000061c400000|  0%| F|  |TAMS 0x000000061c000000| PB 0x000000061c000000| Untracked 
|  62|0x000000061c400000, 0x000000061c400000, 0x000000061c800000|  0%| F|  |TAMS 0x000000061c400000| PB 0x000000061c400000| Untracked 
|  63|0x000000061c800000, 0x000000061c800000, 0x000000061cc00000|  0%| F|  |TAMS 0x000000061c800000| PB 0x000000061c800000| Untracked 
|  64|0x000000061cc00000, 0x000000061cc00000, 0x000000061d000000|  0%| F|  |TAMS 0x000000061cc00000| PB 0x000000061cc00000| Untracked 
|  65|0x000000061d000000, 0x000000061d000000, 0x000000061d400000|  0%| F|  |TAMS 0x000000061d000000| PB 0x000000061d000000| Untracked 
|  66|0x000000061d400000, 0x000000061d400000, 0x000000061d800000|  0%| F|  |TAMS 0x000000061d400000| PB 0x000000061d400000| Untracked 
|  67|0x000000061d800000, 0x000000061d800000, 0x000000061dc00000|  0%| F|  |TAMS 0x000000061d800000| PB 0x000000061d800000| Untracked 
|  68|0x000000061dc00000, 0x000000061dc00000, 0x000000061e000000|  0%| F|  |TAMS 0x000000061dc00000| PB 0x000000061dc00000| Untracked 
|  69|0x000000061e000000, 0x000000061e000000, 0x000000061e400000|  0%| F|  |TAMS 0x000000061e000000| PB 0x000000061e000000| Untracked 
|  70|0x000000061e400000, 0x000000061e400000, 0x000000061e800000|  0%| F|  |TAMS 0x000000061e400000| PB 0x000000061e400000| Untracked 
|  71|0x000000061e800000, 0x000000061e800000, 0x000000061ec00000|  0%| F|  |TAMS 0x000000061e800000| PB 0x000000061e800000| Untracked 
|  72|0x000000061ec00000, 0x000000061ec00000, 0x000000061f000000|  0%| F|  |TAMS 0x000000061ec00000| PB 0x000000061ec00000| Untracked 
|  73|0x000000061f000000, 0x000000061f000000, 0x000000061f400000|  0%| F|  |TAMS 0x000000061f000000| PB 0x000000061f000000| Untracked 
|  74|0x000000061f400000, 0x000000061f400000, 0x000000061f800000|  0%| F|  |TAMS 0x000000061f400000| PB 0x000000061f400000| Untracked 
|  75|0x000000061f800000, 0x000000061f800000, 0x000000061fc00000|  0%| F|  |TAMS 0x000000061f800000| PB 0x000000061f800000| Untracked 
|  76|0x000000061fc00000, 0x000000061fc00000, 0x0000000620000000|  0%| F|  |TAMS 0x000000061fc00000| PB 0x000000061fc00000| Untracked 
|  77|0x0000000620000000, 0x0000000620000000, 0x0000000620400000|  0%| F|  |TAMS 0x0000000620000000| PB 0x0000000620000000| Untracked 
|  78|0x0000000620400000, 0x0000000620400000, 0x0000000620800000|  0%| F|  |TAMS 0x0000000620400000| PB 0x0000000620400000| Untracked 
|  79|0x0000000620800000, 0x0000000620800000, 0x0000000620c00000|  0%| F|  |TAMS 0x0000000620800000| PB 0x0000000620800000| Untracked 
|  80|0x0000000620c00000, 0x0000000620c00000, 0x0000000621000000|  0%| F|  |TAMS 0x0000000620c00000| PB 0x0000000620c00000| Untracked 
|  81|0x0000000621000000, 0x0000000621000000, 0x0000000621400000|  0%| F|  |TAMS 0x0000000621000000| PB 0x0000000621000000| Untracked 
|  82|0x0000000621400000, 0x0000000621400000, 0x0000000621800000|  0%| F|  |TAMS 0x0000000621400000| PB 0x0000000621400000| Untracked 
|  83|0x0000000621800000, 0x0000000621800000, 0x0000000621c00000|  0%| F|  |TAMS 0x0000000621800000| PB 0x0000000621800000| Untracked 
|  84|0x0000000621c00000, 0x0000000621c00000, 0x0000000622000000|  0%| F|  |TAMS 0x0000000621c00000| PB 0x0000000621c00000| Untracked 
|  85|0x0000000622000000, 0x0000000622000000, 0x0000000622400000|  0%| F|  |TAMS 0x0000000622000000| PB 0x0000000622000000| Untracked 
|  86|0x0000000622400000, 0x0000000622400000, 0x0000000622800000|  0%| F|  |TAMS 0x0000000622400000| PB 0x0000000622400000| Untracked 
|  87|0x0000000622800000, 0x0000000622800000, 0x0000000622c00000|  0%| F|  |TAMS 0x0000000622800000| PB 0x0000000622800000| Untracked 
|  88|0x0000000622c00000, 0x0000000622c00000, 0x0000000623000000|  0%| F|  |TAMS 0x0000000622c00000| PB 0x0000000622c00000| Untracked 
|  89|0x0000000623000000, 0x0000000623000000, 0x0000000623400000|  0%| F|  |TAMS 0x0000000623000000| PB 0x0000000623000000| Untracked 
|  90|0x0000000623400000, 0x0000000623400000, 0x0000000623800000|  0%| F|  |TAMS 0x0000000623400000| PB 0x0000000623400000| Untracked 
|  91|0x0000000623800000, 0x0000000623800000, 0x0000000623c00000|  0%| F|  |TAMS 0x0000000623800000| PB 0x0000000623800000| Untracked 
|  92|0x0000000623c00000, 0x0000000623c00000, 0x0000000624000000|  0%| F|  |TAMS 0x0000000623c00000| PB 0x0000000623c00000| Untracked 
|  93|0x0000000624000000, 0x0000000624000000, 0x0000000624400000|  0%| F|  |TAMS 0x0000000624000000| PB 0x0000000624000000| Untracked 
|  94|0x0000000624400000, 0x0000000624400000, 0x0000000624800000|  0%| F|  |TAMS 0x0000000624400000| PB 0x0000000624400000| Untracked 
|  95|0x0000000624800000, 0x0000000624800000, 0x0000000624c00000|  0%| F|  |TAMS 0x0000000624800000| PB 0x0000000624800000| Untracked 
|  96|0x0000000624c00000, 0x0000000624c00000, 0x0000000625000000|  0%| F|  |TAMS 0x0000000624c00000| PB 0x0000000624c00000| Untracked 
|  97|0x0000000625000000, 0x0000000625000000, 0x0000000625400000|  0%| F|  |TAMS 0x0000000625000000| PB 0x0000000625000000| Untracked 
|  98|0x0000000625400000, 0x0000000625400000, 0x0000000625800000|  0%| F|  |TAMS 0x0000000625400000| PB 0x0000000625400000| Untracked 
|  99|0x0000000625800000, 0x0000000625800000, 0x0000000625c00000|  0%| F|  |TAMS 0x0000000625800000| PB 0x0000000625800000| Untracked 
| 100|0x0000000625c00000, 0x0000000625c00000, 0x0000000626000000|  0%| F|  |TAMS 0x0000000625c00000| PB 0x0000000625c00000| Untracked 
| 101|0x0000000626000000, 0x0000000626000000, 0x0000000626400000|  0%| F|  |TAMS 0x0000000626000000| PB 0x0000000626000000| Untracked 
| 102|0x0000000626400000, 0x0000000626400000, 0x0000000626800000|  0%| F|  |TAMS 0x0000000626400000| PB 0x0000000626400000| Untracked 
| 103|0x0000000626800000, 0x0000000626800000, 0x0000000626c00000|  0%| F|  |TAMS 0x0000000626800000| PB 0x0000000626800000| Untracked 
| 104|0x0000000626c00000, 0x0000000626c00000, 0x0000000627000000|  0%| F|  |TAMS 0x0000000626c00000| PB 0x0000000626c00000| Untracked 
| 105|0x0000000627000000, 0x0000000627000000, 0x0000000627400000|  0%| F|  |TAMS 0x0000000627000000| PB 0x0000000627000000| Untracked 
| 106|0x0000000627400000, 0x0000000627400000, 0x0000000627800000|  0%| F|  |TAMS 0x0000000627400000| PB 0x0000000627400000| Untracked 
| 107|0x0000000627800000, 0x0000000627800000, 0x0000000627c00000|  0%| F|  |TAMS 0x0000000627800000| PB 0x0000000627800000| Untracked 
| 108|0x0000000627c00000, 0x0000000627c00000, 0x0000000628000000|  0%| F|  |TAMS 0x0000000627c00000| PB 0x0000000627c00000| Untracked 
| 109|0x0000000628000000, 0x0000000628000000, 0x0000000628400000|  0%| F|  |TAMS 0x0000000628000000| PB 0x0000000628000000| Untracked 
| 110|0x0000000628400000, 0x0000000628400000, 0x0000000628800000|  0%| F|  |TAMS 0x0000000628400000| PB 0x0000000628400000| Untracked 
| 111|0x0000000628800000, 0x0000000628800000, 0x0000000628c00000|  0%| F|  |TAMS 0x0000000628800000| PB 0x0000000628800000| Untracked 
| 112|0x0000000628c00000, 0x0000000628c00000, 0x0000000629000000|  0%| F|  |TAMS 0x0000000628c00000| PB 0x0000000628c00000| Untracked 
| 113|0x0000000629000000, 0x0000000629000000, 0x0000000629400000|  0%| F|  |TAMS 0x0000000629000000| PB 0x0000000629000000| Untracked 
| 114|0x0000000629400000, 0x0000000629400000, 0x0000000629800000|  0%| F|  |TAMS 0x0000000629400000| PB 0x0000000629400000| Untracked 
| 115|0x0000000629800000, 0x0000000629800000, 0x0000000629c00000|  0%| F|  |TAMS 0x0000000629800000| PB 0x0000000629800000| Untracked 
| 116|0x0000000629c00000, 0x0000000629c00000, 0x000000062a000000|  0%| F|  |TAMS 0x0000000629c00000| PB 0x0000000629c00000| Untracked 
| 117|0x000000062a000000, 0x000000062a000000, 0x000000062a400000|  0%| F|  |TAMS 0x000000062a000000| PB 0x000000062a000000| Untracked 
| 118|0x000000062a400000, 0x000000062a400000, 0x000000062a800000|  0%| F|  |TAMS 0x000000062a400000| PB 0x000000062a400000| Untracked 
| 119|0x000000062a800000, 0x000000062a800000, 0x000000062ac00000|  0%| F|  |TAMS 0x000000062a800000| PB 0x000000062a800000| Untracked 
| 120|0x000000062ac00000, 0x000000062ac00000, 0x000000062b000000|  0%| F|  |TAMS 0x000000062ac00000| PB 0x000000062ac00000| Untracked 
| 121|0x000000062b000000, 0x000000062b000000, 0x000000062b400000|  0%| F|  |TAMS 0x000000062b000000| PB 0x000000062b000000| Untracked 
| 122|0x000000062b400000, 0x000000062b570a90, 0x000000062b800000| 36%| E|  |TAMS 0x000000062b400000| PB 0x000000062b400000| Complete 
| 123|0x000000062b800000, 0x000000062bc00000, 0x000000062bc00000|100%| E|CS|TAMS 0x000000062b800000| PB 0x000000062b800000| Complete 
| 124|0x000000062bc00000, 0x000000062c000000, 0x000000062c000000|100%| E|CS|TAMS 0x000000062bc00000| PB 0x000000062bc00000| Complete 
|1996|0x00000007ffc00000, 0x00000007ffd0aa80, 0x0000000800000000| 26%| O|  |TAMS 0x00000007ffc00000| PB 0x00000007ffc00000| Untracked 

Card table byte_map: [0x0000785eaf6c4000,0x0000785eb065e000] _byte_map_base: 0x0000785eac65e000

Marking Bits: (CMBitMap*) 0x0000785ec40572a0
 Bits: [0x0000785ea79f4000, 0x0000785eaf6c4000)

Polling page: 0x0000785ec9c6b000

Metaspace:

Usage:
  Non-class:      3.07 MB used.
      Class:    372.12 KB used.
       Both:      3.43 MB used.

Virtual space:
  Non-class space:       64.00 MB reserved,       3.19 MB (  5%) committed,  1 nodes.
      Class space:        1.00 GB reserved,     448.00 KB ( <1%) committed,  1 nodes.
             Both:        1.06 GB reserved,       3.62 MB ( <1%) committed. 

Chunk freelists:
   Non-Class:  10.45 MB
       Class:  15.52 MB
        Both:  25.97 MB

MaxMetaspaceSize: unlimited
CompressedClassSpaceSize: 1.00 GB
Initial GC threshold: 21.00 MB
Current GC threshold: 21.00 MB
CDS: on
 - commit_granule_bytes: 65536.
 - commit_granule_words: 8192.
 - virtual_space_node_default_size: 8388608.
 - enlarge_chunks_in_place: 1.
 - use_allocation_guard: 0.


Internal statistics:

num_allocs_failed_limit: 0.
num_arena_births: 60.
num_arena_deaths: 0.
num_vsnodes_births: 2.
num_vsnodes_deaths: 0.
num_space_committed: 58.
num_space_uncommitted: 0.
num_chunks_returned_to_freelist: 0.
num_chunks_taken_from_freelist: 154.
num_chunk_merges: 0.
num_chunk_splits: 97.
num_chunks_enlarged: 75.
num_inconsistent_stats: 0.

CodeHeap 'non-profiled nmethods': size=120028Kb used=199Kb max_used=199Kb free=119828Kb
 bounds [0x0000785eb98c9000, 0x0000785eb9b39000, 0x0000785ec0e00000]
CodeHeap 'profiled nmethods': size=120028Kb used=926Kb max_used=926Kb free=119102Kb
 bounds [0x0000785eb1e00000, 0x0000785eb2070000, 0x0000785eb9337000]
CodeHeap 'non-nmethods': size=5704Kb used=1317Kb max_used=1334Kb free=4386Kb
 bounds [0x0000785eb9337000, 0x0000785eb95a7000, 0x0000785eb98c9000]
CodeCache: size=245760Kb, used=2442Kb, max_used=2459Kb, free=243316Kb
 total_blobs=1083, nmethods=642, adapters=347, full_count=0
Compilation: enabled, stopped_count=0, restarted_count=0

Compilation events (20 events):
Event: 0.304 Thread 0x0000785ec413af30  633   !   3       java.nio.ByteBuffer::wrap (21 bytes)
Event: 0.305 Thread 0x0000785ec413af30 nmethod 633 0x0000785eb1ee5610 code [0x0000785eb1ee57c0, 0x0000785eb1ee5a08]
Event: 0.305 Thread 0x0000785ec413af30  634       3       java.nio.HeapByteBuffer::<init> (23 bytes)
Event: 0.305 Thread 0x0000785ec413af30 nmethod 634 0x0000785eb1ee5b90 code [0x0000785eb1ee5d40, 0x0000785eb1ee5ec0]
Event: 0.305 Thread 0x0000785ec413af30  635       3       java.lang.StringBuilder::append (8 bytes)
Event: 0.305 Thread 0x0000785ec413af30 nmethod 635 0x0000785eb1ee5f90 code [0x0000785eb1ee6140, 0x0000785eb1ee6288]
Event: 0.306 Thread 0x0000785ec413af30  636       1       sun.reflect.annotation.AnnotationType::memberTypes (5 bytes)
Event: 0.306 Thread 0x0000785ec413af30 nmethod 636 0x0000785eb98fa090 code [0x0000785eb98fa220, 0x0000785eb98fa2e8]
Event: 0.306 Thread 0x0000785ec413af30  638       3       sun.reflect.annotation.AnnotationType::getInstance (65 bytes)
Event: 0.306 Thread 0x0000785e24067f50  640       4       java.util.concurrent.ConcurrentHashMap::casTabAt (21 bytes)
Event: 0.307 Thread 0x0000785ec413af30 nmethod 638 0x0000785eb1ee6310 code [0x0000785eb1ee6520, 0x0000785eb1ee6a98]
Event: 0.307 Thread 0x0000785ec413af30  637       1       sun.reflect.annotation.AnnotationType::memberDefaults (5 bytes)
Event: 0.307 Thread 0x0000785ec413af30 nmethod 637 0x0000785eb98fa390 code [0x0000785eb98fa520, 0x0000785eb98fa5e8]
Event: 0.307 Thread 0x0000785ec413af30  639       1       sun.reflect.annotation.AnnotationType::retention (5 bytes)
Event: 0.307 Thread 0x0000785ec413af30 nmethod 639 0x0000785eb98fa690 code [0x0000785eb98fa820, 0x0000785eb98fa8e8]
Event: 0.307 Thread 0x0000785e24067f50 nmethod 640 0x0000785eb98fa990 code [0x0000785eb98fab00, 0x0000785eb98fac78]
Event: 0.309 Thread 0x0000785ec413af30  641       3       java.util.HashMap::tableSizeFor (32 bytes)
Event: 0.309 Thread 0x0000785ec413af30 nmethod 641 0x0000785eb1ee6d10 code [0x0000785eb1ee6ec0, 0x0000785eb1ee70c0]
Event: 0.309 Thread 0x0000785ec413af30  642       3       jdk.internal.org.objectweb.asm.MethodWriter::addSuccessorToCurrentBasicBlock (24 bytes)
Event: 0.310 Thread 0x0000785ec413af30 nmethod 642 0x0000785eb1ee7190 code [0x0000785eb1ee7340, 0x0000785eb1ee76b0]

GC Heap History (0 events):
No events

Dll operation events (6 events):
Event: 0.002 Loaded shared library /home/ubay/.vscode/extensions/sonarsource.sonarlint-vscode-4.31.0-linux-x64/jre/21.0.8-linux-x86_64.tar/lib/libjava.so
Event: 0.042 Loaded shared library /home/ubay/.vscode/extensions/sonarsource.sonarlint-vscode-4.31.0-linux-x64/jre/21.0.8-linux-x86_64.tar/lib/libnio.so
Event: 0.068 Loaded shared library /home/ubay/.vscode/extensions/sonarsource.sonarlint-vscode-4.31.0-linux-x64/jre/21.0.8-linux-x86_64.tar/lib/libzip.so
Event: 0.084 Loaded shared library /home/ubay/.vscode/extensions/sonarsource.sonarlint-vscode-4.31.0-linux-x64/jre/21.0.8-linux-x86_64.tar/lib/libzip.so
Event: 0.088 Loaded shared library /home/ubay/.vscode/extensions/sonarsource.sonarlint-vscode-4.31.0-linux-x64/jre/21.0.8-linux-x86_64.tar/lib/libverify.so
Event: 0.134 Loaded shared library /home/ubay/.vscode/extensions/sonarsource.sonarlint-vscode-4.31.0-linux-x64/jre/21.0.8-linux-x86_64.tar/lib/libjimage.so

Deoptimization events (18 events):
Event: 0.073 Thread 0x0000785ec402bba0 Uncommon trap: trap_request=0xffffff45 fr.pc=0x0000785eb98cd694 relative=0x0000000000000974
Event: 0.073 Thread 0x0000785ec402bba0 Uncommon trap: reason=unstable_if action=reinterpret pc=0x0000785eb98cd694 method=java.util.zip.ZipFile$Source.checkAndAddEntry(II)I @ 128 c2
Event: 0.073 Thread 0x0000785ec402bba0 DEOPT PACKING pc=0x0000785eb98cd694 sp=0x0000785ec8314180
Event: 0.073 Thread 0x0000785ec402bba0 DEOPT UNPACKING pc=0x0000785eb938af99 sp=0x0000785ec8314110 mode 2
Event: 0.205 Thread 0x0000785ec402bba0 DEOPT PACKING pc=0x0000785eb1e1b248 sp=0x0000785ec83146a0
Event: 0.205 Thread 0x0000785ec402bba0 DEOPT UNPACKING pc=0x0000785eb938b72f sp=0x0000785ec8313ae0 mode 0
Event: 0.236 Thread 0x0000785ec402bba0 Uncommon trap: trap_request=0xffffff45 fr.pc=0x0000785eb98cbeb4 relative=0x0000000000000194
Event: 0.236 Thread 0x0000785ec402bba0 Uncommon trap: reason=unstable_if action=reinterpret pc=0x0000785eb98cbeb4 method=jdk.internal.util.ArraysSupport.vectorizedHashCode(Ljava/lang/Object;IIII)I @ 2 c2
Event: 0.236 Thread 0x0000785ec402bba0 DEOPT PACKING pc=0x0000785eb98cbeb4 sp=0x0000785ec8314520
Event: 0.236 Thread 0x0000785ec402bba0 DEOPT UNPACKING pc=0x0000785eb938af99 sp=0x0000785ec83144f0 mode 2
Event: 0.239 Thread 0x0000785ec402bba0 Uncommon trap: trap_request=0xffffff45 fr.pc=0x0000785eb98e8840 relative=0x00000000000002e0
Event: 0.239 Thread 0x0000785ec402bba0 Uncommon trap: reason=unstable_if action=reinterpret pc=0x0000785eb98e8840 method=java.lang.StringLatin1.hashCode([B)I @ 2 c2
Event: 0.239 Thread 0x0000785ec402bba0 DEOPT PACKING pc=0x0000785eb98e8840 sp=0x0000785ec8315250
Event: 0.239 Thread 0x0000785ec402bba0 DEOPT UNPACKING pc=0x0000785eb938af99 sp=0x0000785ec83151a8 mode 2
Event: 0.248 Thread 0x0000785ec402bba0 Uncommon trap: trap_request=0xffffffde fr.pc=0x0000785eb98e8d50 relative=0x00000000000001b0
Event: 0.248 Thread 0x0000785ec402bba0 Uncommon trap: reason=class_check action=maybe_recompile pc=0x0000785eb98e8d50 method=java.lang.String.equals(Ljava/lang/Object;)Z @ 8 c2
Event: 0.248 Thread 0x0000785ec402bba0 DEOPT PACKING pc=0x0000785eb98e8d50 sp=0x0000785ec8315250
Event: 0.248 Thread 0x0000785ec402bba0 DEOPT UNPACKING pc=0x0000785eb938af99 sp=0x0000785ec8315208 mode 2

Classes loaded (20 events):
Event: 0.268 Loading class java/util/concurrent/CompletableFuture
Event: 0.268 Loading class java/util/concurrent/CompletionStage
Event: 0.268 Loading class java/util/concurrent/CompletionStage done
Event: 0.268 Loading class java/util/concurrent/CompletableFuture done
Event: 0.273 Loading class java/lang/reflect/Executable$ParameterData
Event: 0.273 Loading class java/lang/reflect/Executable$ParameterData done
Event: 0.275 Loading class sun/reflect/generics/scope/MethodScope
Event: 0.275 Loading class sun/reflect/generics/scope/MethodScope done
Event: 0.275 Loading class sun/reflect/generics/repository/MethodRepository
Event: 0.275 Loading class sun/reflect/generics/repository/ConstructorRepository
Event: 0.275 Loading class sun/reflect/generics/repository/ConstructorRepository done
Event: 0.275 Loading class sun/reflect/generics/repository/MethodRepository done
Event: 0.275 Loading class sun/reflect/generics/tree/MethodTypeSignature
Event: 0.275 Loading class sun/reflect/generics/tree/MethodTypeSignature done
Event: 0.288 Loading class sun/reflect/generics/tree/VoidDescriptor
Event: 0.288 Loading class sun/reflect/generics/tree/VoidDescriptor done
Event: 0.310 Loading class sun/reflect/generics/tree/BottomSignature
Event: 0.310 Loading class sun/reflect/generics/tree/BottomSignature done
Event: 0.310 Loading class sun/reflect/generics/tree/Wildcard
Event: 0.310 Loading class sun/reflect/generics/tree/Wildcard done

Classes unloaded (0 events):
No events

Classes redefined (0 events):
No events

Internal exceptions (9 events):
Event: 0.234 Thread 0x0000785ec402bba0 Exception <a 'java/lang/NoSuchMethodError'{0x000000062ba5cac0}: 'void java.lang.invoke.Invokers$Holder.invokeExact_MT(java.lang.Object, java.lang.Object, java.lang.Object, java.lang.Object)'> (0x000000062ba5cac0) 
thrown [src/hotspot/share/interpreter/linkResolver.cpp, line 772]
Event: 0.245 Thread 0x0000785ec402bba0 Exception <a 'java/lang/NoSuchMethodError'{0x000000062babbce0}: 'int java.lang.invoke.DirectMethodHandle$Holder.invokeSpecial(java.lang.Object, java.lang.Object, java.lang.Object)'> (0x000000062babbce0) 
thrown [src/hotspot/share/interpreter/linkResolver.cpp, line 772]
Event: 0.246 Thread 0x0000785ec402bba0 Exception <a 'java/lang/NoSuchMethodError'{0x000000062bac6548}: 'void java.lang.invoke.DelegatingMethodHandle$Holder.reinvoke_L(java.lang.Object, java.lang.Object, int)'> (0x000000062bac6548) 
thrown [src/hotspot/share/interpreter/linkResolver.cpp, line 772]
Event: 0.246 Thread 0x0000785ec402bba0 Exception <a 'java/lang/NoSuchMethodError'{0x000000062baccee8}: 'int java.lang.invoke.Invokers$Holder.invokeExact_MT(java.lang.Object, java.lang.Object, java.lang.Object)'> (0x000000062baccee8) 
thrown [src/hotspot/share/interpreter/linkResolver.cpp, line 772]
Event: 0.250 Thread 0x0000785ec402bba0 Exception <a 'java/lang/NoSuchMethodError'{0x000000062bae58d8}: 'java.lang.Object java.lang.invoke.Invokers$Holder.invokeExact_MT(java.lang.Object, java.lang.Object, java.lang.Object, java.lang.Object, java.lang.Object)'> (0x000000062bae58d8) 
thrown [src/hotspot/share/interpreter/linkResolver.cpp, line 772]
Event: 0.261 Thread 0x0000785ec402bba0 Exception <a 'java/lang/NoSuchMethodError'{0x000000062bb90938}: 'java.lang.Object java.lang.invoke.DirectMethodHandle$Holder.invokeStatic(java.lang.Object, java.lang.Object, int, java.lang.Object)'> (0x000000062bb90938) 
thrown [src/hotspot/share/interpreter/linkResolver.cpp, line 772]
Event: 0.262 Thread 0x0000785ec402bba0 Exception <a 'java/lang/NoSuchMethodError'{0x000000062bb96808}: 'java.lang.Object java.lang.invoke.DirectMethodHandle$Holder.newInvokeSpecial(java.lang.Object, java.lang.Object, int)'> (0x000000062bb96808) 
thrown [src/hotspot/share/interpreter/linkResolver.cpp, line 772]
Event: 0.267 Thread 0x0000785ec402bba0 Exception <a 'java/lang/NoSuchMethodError'{0x000000062bbc1b70}: 'void java.lang.invoke.DirectMethodHandle$Holder.invokeStatic(java.lang.Object, java.lang.Object, java.lang.Object)'> (0x000000062bbc1b70) 
thrown [src/hotspot/share/interpreter/linkResolver.cpp, line 772]
Event: 0.292 Thread 0x0000785ec402bba0 Exception <a 'java/lang/NoSuchMethodError'{0x000000062b491b78}: 'void java.lang.invoke.DirectMethodHandle$Holder.invokeStatic(java.lang.Object, java.lang.Object, java.lang.Object, java.lang.Object)'> (0x000000062b491b78) 
thrown [src/hotspot/share/interpreter/linkResolver.cpp, line 772]

ZGC Phase Switch (0 events):
No events

VM Operations (0 events):
No events

Memory protections (12 events):
Event: 0.002 Protecting memory [0x0000785ec8217000,0x0000785ec821b000] with protection modes 0
Event: 0.035 Protecting memory [0x0000785ea4818000,0x0000785ea481c000] with protection modes 0
Event: 0.035 Protecting memory [0x0000785ea4100000,0x0000785ea4104000] with protection modes 0
Event: 0.036 Protecting memory [0x0000785ea4000000,0x0000785ea4004000] with protection modes 0
Event: 0.036 Protecting memory [0x0000785e4ef00000,0x0000785e4ef04000] with protection modes 0
Event: 0.036 Protecting memory [0x0000785e4ee00000,0x0000785e4ee04000] with protection modes 0
Event: 0.036 Protecting memory [0x0000785e4ed00000,0x0000785e4ed04000] with protection modes 0
Event: 0.036 Protecting memory [0x0000785e4ec00000,0x0000785e4ec04000] with protection modes 0
Event: 0.040 Protecting memory [0x0000785e4eb00000,0x0000785e4eb04000] with protection modes 0
Event: 0.041 Protecting memory [0x0000785e4ea00000,0x0000785e4ea04000] with protection modes 0
Event: 0.064 Protecting memory [0x0000785e4e900000,0x0000785e4e904000] with protection modes 0
Event: 0.065 Protecting memory [0x0000785e4e800000,0x0000785e4e804000] with protection modes 0

Nmethod flushes (0 events):
No events

Events (12 events):
Event: 0.028 Thread 0x0000785ec402bba0 Thread added: 0x0000785ec402bba0
Event: 0.035 Thread 0x0000785ec402bba0 Thread added: 0x0000785ec4132390
Event: 0.035 Thread 0x0000785ec402bba0 Thread added: 0x0000785ec4133a10
Event: 0.036 Thread 0x0000785ec402bba0 Thread added: 0x0000785ec4135190
Event: 0.036 Thread 0x0000785ec402bba0 Thread added: 0x0000785ec41367c0
Event: 0.036 Thread 0x0000785ec402bba0 Thread added: 0x0000785ec4137d50
Event: 0.036 Thread 0x0000785ec402bba0 Thread added: 0x0000785ec4139880
Event: 0.036 Thread 0x0000785ec402bba0 Thread added: 0x0000785ec413af30
Event: 0.040 Thread 0x0000785ec402bba0 Thread added: 0x0000785ec41469d0
Event: 0.041 Thread 0x0000785ec402bba0 Thread added: 0x0000785ec4149910
Event: 0.064 Thread 0x0000785ec4139880 Thread added: 0x0000785e24066c90
Event: 0.065 Thread 0x0000785ec4139880 Thread added: 0x0000785e24067f50


Dynamic libraries:
60cc00000-62c000000 rw-p 00000000 00:00 0 
62c000000-7ffc00000 ---p 00000000 00:00 0 
7ffc00000-7ffd0b000 rw-p 00bfb000 08:04 3029257                          /home/ubay/.vscode/extensions/sonarsource.sonarlint-vscode-4.31.0-linux-x64/jre/21.0.8-linux-x86_64.tar/lib/server/classes.jsa
7ffd0b000-800000000 rw-p 00000000 00:00 0 
5a91ec043000-5a91ec044000 r-xp 00000000 08:04 3029112                    /home/ubay/.vscode/extensions/sonarsource.sonarlint-vscode-4.31.0-linux-x64/jre/21.0.8-linux-x86_64.tar/bin/java
5a91ec045000-5a91ec046000 r--p 00001000 08:04 3029112                    /home/ubay/.vscode/extensions/sonarsource.sonarlint-vscode-4.31.0-linux-x64/jre/21.0.8-linux-x86_64.tar/bin/java
5a91ec046000-5a91ec047000 rw-p 00002000 08:04 3029112                    /home/ubay/.vscode/extensions/sonarsource.sonarlint-vscode-4.31.0-linux-x64/jre/21.0.8-linux-x86_64.tar/bin/java
5a91f9c66000-5a91f9cad000 rw-p 00000000 00:00 0                          [heap]
785e14000000-785e14082000 rw-p 00000000 00:00 0 
785e14082000-785e18000000 ---p 00000000 00:00 0 
785e18000000-785e180b2000 rw-p 00000000 00:00 0 
785e180b2000-785e1c000000 ---p 00000000 00:00 0 
785e1c000000-785e1c021000 rw-p 00000000 00:00 0 
785e1c021000-785e20000000 ---p 00000000 00:00 0 
785e20000000-785e20021000 rw-p 00000000 00:00 0 
785e20021000-785e24000000 ---p 00000000 00:00 0 
785e24000000-785e2410e000 rw-p 00000000 00:00 0 
785e2410e000-785e28000000 ---p 00000000 00:00 0 
785e28000000-785e280b1000 rw-p 00000000 00:00 0 
785e280b1000-785e2c000000 ---p 00000000 00:00 0 
785e2c000000-785e2c021000 rw-p 00000000 00:00 0 
785e2c021000-785e30000000 ---p 00000000 00:00 0 
785e30000000-785e30021000 rw-p 00000000 00:00 0 
785e30021000-785e34000000 ---p 00000000 00:00 0 
785e34000000-785e34021000 rw-p 00000000 00:00 0 
785e34021000-785e38000000 ---p 00000000 00:00 0 
785e38000000-785e38021000 rw-p 00000000 00:00 0 
785e38021000-785e3c000000 ---p 00000000 00:00 0 
785e3c000000-785e3c021000 rw-p 00000000 00:00 0 
785e3c021000-785e40000000 ---p 00000000 00:00 0 
785e40000000-785e40021000 rw-p 00000000 00:00 0 
785e40021000-785e44000000 ---p 00000000 00:00 0 
785e44000000-785e441a0000 rw-p 00000000 00:00 0 
785e441a0000-785e44400000 ---p 00000000 00:00 0 
785e44400000-785e44590000 rw-p 00000000 00:00 0 
785e44590000-785e48000000 ---p 00000000 00:00 0 
785e48000000-785e48021000 rw-p 00000000 00:00 0 
785e48021000-785e4c000000 ---p 00000000 00:00 0 
785e4e394000-785e4e800000 rw-p 00000000 00:00 0 
785e4e800000-785e4e804000 ---p 00000000 00:00 0 
785e4e804000-785e4e900000 rw-p 00000000 00:00 0 
785e4e900000-785e4e904000 ---p 00000000 00:00 0 
785e4e904000-785e4ea00000 rw-p 00000000 00:00 0 
785e4ea00000-785e4ea04000 ---p 00000000 00:00 0 
785e4ea04000-785e4eb00000 rw-p 00000000 00:00 0 
785e4eb00000-785e4eb04000 ---p 00000000 00:00 0 
785e4eb04000-785e4ec00000 rw-p 00000000 00:00 0 
785e4ec00000-785e4ec04000 ---p 00000000 00:00 0 
785e4ec04000-785e4ed00000 rw-p 00000000 00:00 0 
785e4ed00000-785e4ed04000 ---p 00000000 00:00 0 
785e4ed04000-785e4ee00000 rw-p 00000000 00:00 0 
785e4ee00000-785e4ee04000 ---p 00000000 00:00 0 
785e4ee04000-785e4ef00000 rw-p 00000000 00:00 0 
785e4ef00000-785e4ef04000 ---p 00000000 00:00 0 
785e4ef04000-785e4f000000 rw-p 00000000 00:00 0 
785e4f000000-785e4fbbf000 rw-p 00001000 08:04 3029257                    /home/ubay/.vscode/extensions/sonarsource.sonarlint-vscode-4.31.0-linux-x64/jre/21.0.8-linux-x86_64.tar/lib/server/classes.jsa
785e4fbbf000-785e50000000 ---p 00000000 00:00 0 
785e50000000-785e50040000 rw-p 00000000 00:00 0 
785e50040000-785e50070000 rw-p 00000000 00:00 0 
785e50070000-785e90000000 ---p 00000000 00:00 0 
785e90000000-785e90021000 rw-p 00000000 00:00 0 
785e90021000-785e94000000 ---p 00000000 00:00 0 
785e94000000-785e94021000 rw-p 00000000 00:00 0 
785e94021000-785e98000000 ---p 00000000 00:00 0 
785e98000000-785e98021000 rw-p 00000000 00:00 0 
785e98021000-785e9c000000 ---p 00000000 00:00 0 
785e9c000000-785e9c021000 rw-p 00000000 00:00 0 
785e9c021000-785ea0000000 ---p 00000000 00:00 0 
785ea0000000-785ea0021000 rw-p 00000000 00:00 0 
785ea0021000-785ea4004000 ---p 00000000 00:00 0 
785ea4004000-785ea4100000 rw-p 00000000 00:00 0 
785ea4100000-785ea4104000 ---p 00000000 00:00 0 
785ea4104000-785ea4200000 rw-p 00000000 00:00 0 
785ea4200000-785ea4775000 r--p 00000000 08:04 18517755                   /usr/lib/locale/locale-archive
785ea4818000-785ea481c000 ---p 00000000 00:00 0 
785ea481c000-785ea4918000 rw-p 00000000 00:00 0 
785ea4918000-785ea4919000 ---p 00000000 00:00 0 
785ea4919000-785ea4a19000 rw-p 00000000 00:00 0 
785ea4a19000-785ea4a1a000 ---p 00000000 00:00 0 
785ea4a1a000-785ea4b1a000 rw-p 00000000 00:00 0 
785ea4b1a000-785ea4bf6000 rw-p 00000000 00:00 0 
785ea4bf6000-785ea4bf7000 ---p 00000000 00:00 0 
785ea4bf7000-785ea4cf7000 rw-p 00000000 00:00 0 
785ea4cf7000-785ea4cf8000 ---p 00000000 00:00 0 
785ea4cf8000-785ea4df8000 rw-p 00000000 00:00 0 
785ea4df8000-785ea7600000 rw-p 00000000 00:00 0 
785ea7628000-785ea762f000 r--s 00000000 08:04 18553038                   /usr/lib/x86_64-linux-gnu/gconv/gconv-modules.cache
785ea762f000-785ea7670000 rw-p 00000000 00:00 0 
785ea7670000-785ea7671000 ---p 00000000 00:00 0 
785ea7671000-785ea7771000 rw-p 00000000 00:00 0 
785ea7771000-785ea7772000 ---p 00000000 00:00 0 
785ea7772000-785ea7872000 rw-p 00000000 00:00 0 
785ea7872000-785ea7873000 ---p 00000000 00:00 0 
785ea7873000-785ea7973000 rw-p 00000000 00:00 0 
785ea7973000-785ea81c4000 rw-p 00000000 00:00 0 
785ea81c4000-785eaf6b4000 ---p 00000000 00:00 0 
785eaf6b4000-785eaf7be000 rw-p 00000000 00:00 0 
785eaf7be000-785eb065c000 ---p 00000000 00:00 0 
785eb065c000-785eb0758000 rw-p 00000000 00:00 0 
785eb0758000-785eb15f6000 ---p 00000000 00:00 0 
785eb15f6000-785eb1e00000 rw-p 00000000 00:00 0 
785eb1e00000-785eb2070000 rwxp 00000000 00:00 0 
785eb2070000-785eb9337000 ---p 00000000 00:00 0 
785eb9337000-785eb95a7000 rwxp 00000000 00:00 0 
785eb95a7000-785eb98c9000 ---p 00000000 00:00 0 
785eb98c9000-785eb9b39000 rwxp 00000000 00:00 0 
785eb9b39000-785ec0e00000 ---p 00000000 00:00 0 
785ec0e00000-785ec3fd2000 r--s 00000000 08:04 3029040                    /home/ubay/.vscode/extensions/sonarsource.sonarlint-vscode-4.31.0-linux-x64/jre/21.0.8-linux-x86_64.tar/lib/modules
785ec3fd3000-785ec3fe0000 r-xp 00000000 08:04 3029042                    /home/ubay/.vscode/extensions/sonarsource.sonarlint-vscode-4.31.0-linux-x64/jre/21.0.8-linux-x86_64.tar/lib/libverify.so
785ec3fe0000-785ec3fe2000 r--p 0000c000 08:04 3029042                    /home/ubay/.vscode/extensions/sonarsource.sonarlint-vscode-4.31.0-linux-x64/jre/21.0.8-linux-x86_64.tar/lib/libverify.so
785ec3fe2000-785ec3fe3000 rw-p 0000e000 08:04 3029042                    /home/ubay/.vscode/extensions/sonarsource.sonarlint-vscode-4.31.0-linux-x64/jre/21.0.8-linux-x86_64.tar/lib/libverify.so
785ec3fe3000-785ec3ffe000 r-xp 00000000 08:04 3029041                    /home/ubay/.vscode/extensions/sonarsource.sonarlint-vscode-4.31.0-linux-x64/jre/21.0.8-linux-x86_64.tar/lib/libzip.so
785ec3ffe000-785ec3fff000 r--p 0001a000 08:04 3029041                    /home/ubay/.vscode/extensions/sonarsource.sonarlint-vscode-4.31.0-linux-x64/jre/21.0.8-linux-x86_64.tar/lib/libzip.so
785ec3fff000-785ec4000000 rw-p 0001b000 08:04 3029041                    /home/ubay/.vscode/extensions/sonarsource.sonarlint-vscode-4.31.0-linux-x64/jre/21.0.8-linux-x86_64.tar/lib/libzip.so
785ec4000000-785ec42b8000 rw-p 00000000 00:00 0 
785ec42b8000-785ec8000000 ---p 00000000 00:00 0 
785ec8002000-785ec8046000 rw-p 00000000 00:00 0 
785ec8046000-785ec812c000 ---p 00000000 00:00 0 
785ec812c000-785ec8131000 rw-p 00000000 00:00 0 
785ec8131000-785ec8217000 ---p 00000000 00:00 0 
785ec8217000-785ec821b000 ---p 00000000 00:00 0 
785ec821b000-785ec8317000 rw-p 00000000 00:00 0 
785ec8317000-785ec8327000 r--p 00000000 08:04 18553052                   /usr/lib/x86_64-linux-gnu/libm.so.6
785ec8327000-785ec83a6000 r-xp 00010000 08:04 18553052                   /usr/lib/x86_64-linux-gnu/libm.so.6
785ec83a6000-785ec83fe000 r--p 0008f000 08:04 18553052                   /usr/lib/x86_64-linux-gnu/libm.so.6
785ec83fe000-785ec83ff000 r--p 000e7000 08:04 18553052                   /usr/lib/x86_64-linux-gnu/libm.so.6
785ec83ff000-785ec8400000 rw-p 000e8000 08:04 18553052                   /usr/lib/x86_64-linux-gnu/libm.so.6
785ec8400000-785ec981b000 r-xp 00000000 08:04 3029254                    /home/ubay/.vscode/extensions/sonarsource.sonarlint-vscode-4.31.0-linux-x64/jre/21.0.8-linux-x86_64.tar/lib/server/libjvm.so
785ec981b000-785ec981c000 ---p 0141b000 08:04 3029254                    /home/ubay/.vscode/extensions/sonarsource.sonarlint-vscode-4.31.0-linux-x64/jre/21.0.8-linux-x86_64.tar/lib/server/libjvm.so
785ec981c000-785ec98f0000 r--p 0141b000 08:04 3029254                    /home/ubay/.vscode/extensions/sonarsource.sonarlint-vscode-4.31.0-linux-x64/jre/21.0.8-linux-x86_64.tar/lib/server/libjvm.so
785ec98f0000-785ec9920000 rw-p 014ef000 08:04 3029254                    /home/ubay/.vscode/extensions/sonarsource.sonarlint-vscode-4.31.0-linux-x64/jre/21.0.8-linux-x86_64.tar/lib/server/libjvm.so
785ec9920000-785ec9986000 rw-p 00000000 00:00 0 
785ec9987000-785ec999b000 r-xp 00000000 08:04 3029049                    /home/ubay/.vscode/extensions/sonarsource.sonarlint-vscode-4.31.0-linux-x64/jre/21.0.8-linux-x86_64.tar/lib/libnio.so
785ec999b000-785ec999c000 r--p 00013000 08:04 3029049                    /home/ubay/.vscode/extensions/sonarsource.sonarlint-vscode-4.31.0-linux-x64/jre/21.0.8-linux-x86_64.tar/lib/libnio.so
785ec999c000-785ec999d000 rw-p 00014000 08:04 3029049                    /home/ubay/.vscode/extensions/sonarsource.sonarlint-vscode-4.31.0-linux-x64/jre/21.0.8-linux-x86_64.tar/lib/libnio.so
785ec999d000-785ec99dc000 rw-p 00000000 00:00 0 
785ec99dc000-785ec99fc000 r-xp 00000000 08:04 3029064                    /home/ubay/.vscode/extensions/sonarsource.sonarlint-vscode-4.31.0-linux-x64/jre/21.0.8-linux-x86_64.tar/lib/libjava.so
785ec99fc000-785ec99fd000 ---p 00020000 08:04 3029064                    /home/ubay/.vscode/extensions/sonarsource.sonarlint-vscode-4.31.0-linux-x64/jre/21.0.8-linux-x86_64.tar/lib/libjava.so
785ec99fd000-785ec99fe000 r--p 00020000 08:04 3029064                    /home/ubay/.vscode/extensions/sonarsource.sonarlint-vscode-4.31.0-linux-x64/jre/21.0.8-linux-x86_64.tar/lib/libjava.so
785ec99fe000-785ec99ff000 rw-p 00021000 08:04 3029064                    /home/ubay/.vscode/extensions/sonarsource.sonarlint-vscode-4.31.0-linux-x64/jre/21.0.8-linux-x86_64.tar/lib/libjava.so
785ec99ff000-785ec9a00000 rw-p 00000000 00:00 0 
785ec9a00000-785ec9a28000 r--p 00000000 08:04 18553049                   /usr/lib/x86_64-linux-gnu/libc.so.6
785ec9a28000-785ec9bb0000 r-xp 00028000 08:04 18553049                   /usr/lib/x86_64-linux-gnu/libc.so.6
785ec9bb0000-785ec9bff000 r--p 001b0000 08:04 18553049                   /usr/lib/x86_64-linux-gnu/libc.so.6
785ec9bff000-785ec9c03000 r--p 001fe000 08:04 18553049                   /usr/lib/x86_64-linux-gnu/libc.so.6
785ec9c03000-785ec9c05000 rw-p 00202000 08:04 18553049                   /usr/lib/x86_64-linux-gnu/libc.so.6
785ec9c05000-785ec9c12000 rw-p 00000000 00:00 0 
785ec9c16000-785ec9c22000 r-xp 00000000 08:04 3029050                    /home/ubay/.vscode/extensions/sonarsource.sonarlint-vscode-4.31.0-linux-x64/jre/21.0.8-linux-x86_64.tar/lib/libnet.so
785ec9c22000-785ec9c23000 r--p 0000b000 08:04 3029050                    /home/ubay/.vscode/extensions/sonarsource.sonarlint-vscode-4.31.0-linux-x64/jre/21.0.8-linux-x86_64.tar/lib/libnet.so
785ec9c23000-785ec9c24000 rw-p 0000c000 08:04 3029050                    /home/ubay/.vscode/extensions/sonarsource.sonarlint-vscode-4.31.0-linux-x64/jre/21.0.8-linux-x86_64.tar/lib/libnet.so
785ec9c24000-785ec9c29000 rw-p 00000000 00:00 0 
785ec9c29000-785ec9c30000 ---p 00000000 00:00 0 
785ec9c30000-785ec9c4b000 r-xp 00000000 08:04 3029060                    /home/ubay/.vscode/extensions/sonarsource.sonarlint-vscode-4.31.0-linux-x64/jre/21.0.8-linux-x86_64.tar/lib/libjimage.so
785ec9c4b000-785ec9c4c000 ---p 0001b000 08:04 3029060                    /home/ubay/.vscode/extensions/sonarsource.sonarlint-vscode-4.31.0-linux-x64/jre/21.0.8-linux-x86_64.tar/lib/libjimage.so
785ec9c4c000-785ec9c4e000 r--p 0001b000 08:04 3029060                    /home/ubay/.vscode/extensions/sonarsource.sonarlint-vscode-4.31.0-linux-x64/jre/21.0.8-linux-x86_64.tar/lib/libjimage.so
785ec9c4e000-785ec9c4f000 rw-p 0001d000 08:04 3029060                    /home/ubay/.vscode/extensions/sonarsource.sonarlint-vscode-4.31.0-linux-x64/jre/21.0.8-linux-x86_64.tar/lib/libjimage.so
785ec9c4f000-785ec9c50000 r--p 00000000 08:04 18553063                   /usr/lib/x86_64-linux-gnu/librt.so.1
785ec9c50000-785ec9c51000 r-xp 00001000 08:04 18553063                   /usr/lib/x86_64-linux-gnu/librt.so.1
785ec9c51000-785ec9c52000 r--p 00002000 08:04 18553063                   /usr/lib/x86_64-linux-gnu/librt.so.1
785ec9c52000-785ec9c53000 r--p 00002000 08:04 18553063                   /usr/lib/x86_64-linux-gnu/librt.so.1
785ec9c53000-785ec9c54000 rw-p 00003000 08:04 18553063                   /usr/lib/x86_64-linux-gnu/librt.so.1
785ec9c54000-785ec9c56000 rw-p 00000000 00:00 0 
785ec9c56000-785ec9c57000 r--p 00000000 08:04 18553051                   /usr/lib/x86_64-linux-gnu/libdl.so.2
785ec9c57000-785ec9c58000 r-xp 00001000 08:04 18553051                   /usr/lib/x86_64-linux-gnu/libdl.so.2
785ec9c58000-785ec9c59000 r--p 00002000 08:04 18553051                   /usr/lib/x86_64-linux-gnu/libdl.so.2
785ec9c59000-785ec9c5a000 r--p 00002000 08:04 18553051                   /usr/lib/x86_64-linux-gnu/libdl.so.2
785ec9c5a000-785ec9c5b000 rw-p 00003000 08:04 18553051                   /usr/lib/x86_64-linux-gnu/libdl.so.2
785ec9c5b000-785ec9c5c000 r--p 00000000 08:04 18553061                   /usr/lib/x86_64-linux-gnu/libpthread.so.0
785ec9c5c000-785ec9c5d000 r-xp 00001000 08:04 18553061                   /usr/lib/x86_64-linux-gnu/libpthread.so.0
785ec9c5d000-785ec9c5e000 r--p 00002000 08:04 18553061                   /usr/lib/x86_64-linux-gnu/libpthread.so.0
785ec9c5e000-785ec9c5f000 r--p 00002000 08:04 18553061                   /usr/lib/x86_64-linux-gnu/libpthread.so.0
785ec9c5f000-785ec9c60000 rw-p 00003000 08:04 18553061                   /usr/lib/x86_64-linux-gnu/libpthread.so.0
785ec9c63000-785ec9c6b000 rw-s 00000000 08:04 15628140                   /tmp/hsperfdata_ubay/22973
785ec9c6b000-785ec9c6c000 ---p 00000000 00:00 0 
785ec9c6c000-785ec9c6d000 r--p 00000000 00:00 0 
785ec9c6d000-785ec9c6e000 ---p 00000000 00:00 0 
785ec9c6e000-785ec9c87000 r-xp 00000000 08:04 3029059                    /home/ubay/.vscode/extensions/sonarsource.sonarlint-vscode-4.31.0-linux-x64/jre/21.0.8-linux-x86_64.tar/lib/libjli.so
785ec9c87000-785ec9c88000 r--p 00018000 08:04 3029059                    /home/ubay/.vscode/extensions/sonarsource.sonarlint-vscode-4.31.0-linux-x64/jre/21.0.8-linux-x86_64.tar/lib/libjli.so
785ec9c88000-785ec9c89000 rw-p 00019000 08:04 3029059                    /home/ubay/.vscode/extensions/sonarsource.sonarlint-vscode-4.31.0-linux-x64/jre/21.0.8-linux-x86_64.tar/lib/libjli.so
785ec9c89000-785ec9c8b000 rw-p 00000000 00:00 0 
785ec9c8b000-785ec9c8d000 r--p 00000000 00:00 0                          [vvar]
785ec9c8d000-785ec9c8f000 r--p 00000000 00:00 0                          [vvar_vclock]
785ec9c8f000-785ec9c91000 r-xp 00000000 00:00 0                          [vdso]
785ec9c91000-785ec9c92000 r--p 00000000 08:04 18553046                   /usr/lib/x86_64-linux-gnu/ld-linux-x86-64.so.2
785ec9c92000-785ec9cbd000 r-xp 00001000 08:04 18553046                   /usr/lib/x86_64-linux-gnu/ld-linux-x86-64.so.2
785ec9cbd000-785ec9cc7000 r--p 0002c000 08:04 18553046                   /usr/lib/x86_64-linux-gnu/ld-linux-x86-64.so.2
785ec9cc7000-785ec9cc9000 r--p 00036000 08:04 18553046                   /usr/lib/x86_64-linux-gnu/ld-linux-x86-64.so.2
785ec9cc9000-785ec9ccb000 rw-p 00038000 08:04 18553046                   /usr/lib/x86_64-linux-gnu/ld-linux-x86-64.so.2
7ffe83042000-7ffe83064000 rw-p 00000000 00:00 0                          [stack]
ffffffffff600000-ffffffffff601000 --xp 00000000 00:00 0                  [vsyscall]
Total number of mappings: 190

JVMTI agents: none


VM Arguments:
java_command: /home/ubay/.vscode/extensions/sonarsource.sonarlint-vscode-4.31.0-linux-x64/server/sonarlint-ls.jar -stdio -analyzers /home/ubay/.vscode/extensions/sonarsource.sonarlint-vscode-4.31.0-linux-x64/analyzers/sonargo.jar /home/ubay/.vscode/extensions/sonarsource.sonarlint-vscode-4.31.0-linux-x64/analyzers/sonarjava.jar /home/ubay/.vscode/extensions/sonarsource.sonarlint-vscode-4.31.0-linux-x64/analyzers/sonarjavasymbolicexecution.jar /home/ubay/.vscode/extensions/sonarsource.sonarlint-vscode-4.31.0-linux-x64/analyzers/sonarjs.jar /home/ubay/.vscode/extensions/sonarsource.sonarlint-vscode-4.31.0-linux-x64/analyzers/sonarphp.jar /home/ubay/.vscode/extensions/sonarsource.sonarlint-vscode-4.31.0-linux-x64/analyzers/sonarpython.jar /home/ubay/.vscode/extensions/sonarsource.sonarlint-vscode-4.31.0-linux-x64/analyzers/sonarhtml.jar /home/ubay/.vscode/extensions/sonarsource.sonarlint-vscode-4.31.0-linux-x64/analyzers/sonarxml.jar /home/ubay/.vscode/extensions/sonarsource.sonarlint-vscode-4.31.0-linux-x64/analyzers/sonartext.jar /home/ubay/.vscode/extensions/sonarsource.sonarlint-vscode-4.31.0-linux-x64/analyzers/sonariac.jar /home/ubay/.vscode/extensions/sonarsource.sonarlint-vscode-4.31.0-linux-x64/analyzers/sonarlintomnisharp.jar /home/ubay/.vscode/extensions/sonarsource.sonarlint_ondemand-analyzers/sonar-cfamily-plugin/6.71.0.87975/sonarcfamily.jar
java_class_path (initial): /home/ubay/.vscode/extensions/sonarsource.sonarlint-vscode-4.31.0-linux-x64/server/sonarlint-ls.jar
Launcher Type: SUN_STANDARD

[Global flags]
     intx CICompilerCount                          = 4                                         {product} {ergonomic}
     uint ConcGCThreads                            = 2                                         {product} {ergonomic}
     uint G1ConcRefinementThreads                  = 8                                         {product} {ergonomic}
   size_t G1HeapRegionSize                         = 4194304                                   {product} {ergonomic}
    uintx GCDrainStackTargetSize                   = 64                                        {product} {ergonomic}
   size_t InitialHeapSize                          = 524288000                                 {product} {ergonomic}
   size_t MarkStackSize                            = 4194304                                   {product} {ergonomic}
   size_t MaxHeapSize                              = 8376025088                                {product} {ergonomic}
   size_t MaxNewSize                               = 5024776192                                {product} {ergonomic}
   size_t MinHeapDeltaBytes                        = 4194304                                   {product} {ergonomic}
   size_t MinHeapSize                              = 8388608                                   {product} {ergonomic}
    uintx NonNMethodCodeHeapSize                   = 5839372                                {pd product} {ergonomic}
    uintx NonProfiledCodeHeapSize                  = 122909434                              {pd product} {ergonomic}
    uintx ProfiledCodeHeapSize                     = 122909434                              {pd product} {ergonomic}
    uintx ReservedCodeCacheSize                    = 251658240                              {pd product} {ergonomic}
     bool SegmentedCodeCache                       = true                                      {product} {ergonomic}
   size_t SoftMaxHeapSize                          = 8376025088                             {manageable} {ergonomic}
     bool UseCompressedOops                        = true                           {product lp64_product} {ergonomic}
     bool UseG1GC                                  = true                                      {product} {ergonomic}

Logging:
Log output configuration:
 #0: stdout all=warning uptime,level,tags foldmultilines=false
 #1: stderr all=off uptime,level,tags foldmultilines=false

Environment Variables:
PATH=/home/ubay/.nvm/versions/node/v24.13.0/bin:/usr/local/sbin:/usr/local/bin:/usr/sbin:/usr/bin:/sbin:/bin:/usr/games:/usr/local/games:/snap/bin:/snap/bin:/opt/lampp/bin
USERNAME=ubay
SHELL=/usr/bin/zsh
DISPLAY=:0
LANG=en_US.UTF-8
TERM=xterm-256color

Active Locale:
LC_ALL=en_US.UTF-8
LC_COLLATE=en_US.UTF-8
LC_CTYPE=en_US.UTF-8
LC_MESSAGES=en_US.UTF-8
LC_MONETARY=en_US.UTF-8
LC_NUMERIC=en_US.UTF-8
LC_TIME=en_US.UTF-8

Signal Handlers:
   SIGSEGV: crash_handler in libjvm.so, mask=11100100010111111101111111111110, flags=SA_RESTART|SA_SIGINFO, unblocked
    SIGBUS: crash_handler in libjvm.so, mask=11100100010111111101111111111110, flags=SA_RESTART|SA_SIGINFO, unblocked
    SIGFPE: crash_handler in libjvm.so, mask=11100100010111111101111111111110, flags=SA_RESTART|SA_SIGINFO, unblocked
   SIGPIPE: javaSignalHandler in libjvm.so, mask=11100100010111111101111111111110, flags=SA_RESTART|SA_SIGINFO, blocked
   SIGXFSZ: javaSignalHandler in libjvm.so, mask=11100100010111111101111111111110, flags=SA_RESTART|SA_SIGINFO, blocked
    SIGILL: crash_handler in libjvm.so, mask=11100100010111111101111111111110, flags=SA_RESTART|SA_SIGINFO, unblocked
   SIGUSR2: SR_handler in libjvm.so, mask=00000000000000000000000000000000, flags=SA_RESTART|SA_SIGINFO, blocked
    SIGHUP: UserHandler in libjvm.so, mask=11100100010111111101111111111110, flags=SA_RESTART|SA_SIGINFO, blocked
    SIGINT: UserHandler in libjvm.so, mask=11100100010111111101111111111110, flags=SA_RESTART|SA_SIGINFO, blocked
   SIGTERM: UserHandler in libjvm.so, mask=11100100010111111101111111111110, flags=SA_RESTART|SA_SIGINFO, blocked
   SIGQUIT: UserHandler in libjvm.so, mask=11100100010111111101111111111110, flags=SA_RESTART|SA_SIGINFO, blocked
   SIGTRAP: crash_handler in libjvm.so, mask=11100100010111111101111111111110, flags=SA_RESTART|SA_SIGINFO, unblocked


Periodic native trim disabled

---------------  S Y S T E M  ---------------

OS:
DISTRIB_ID=Ubuntu
DISTRIB_RELEASE=24.04
DISTRIB_CODENAME=noble
DISTRIB_DESCRIPTION="Ubuntu 24.04.3 LTS"
uname: Linux 6.14.0-37-generic #37~24.04.1-Ubuntu SMP PREEMPT_DYNAMIC Thu Nov 20 10:25:38 UTC 2 x86_64
OS uptime: 0 days 1:15 hours
libc: glibc 2.39 NPTL 2.39 
rlimit (soft/hard): STACK 8192k/infinity , CORE 0k/infinity , NPROC 127263/127263 , NOFILE 1048576/1048576 , AS infinity/infinity , CPU infinity/infinity , DATA infinity/infinity , FSIZE infinity/infinity , MEMLOCK 4088304k/4088304k
load average: 2.18 1.49 1.16

/proc/meminfo:
MemTotal:       32706440 kB
MemFree:        17531764 kB
MemAvailable:   23748516 kB
Buffers:          158516 kB
Cached:          7918484 kB
SwapCached:            0 kB
Active:          8393480 kB
Inactive:        4822376 kB
Active(anon):    6751288 kB
Inactive(anon):        0 kB
Active(file):    1642192 kB
Inactive(file):  4822376 kB
Unevictable:     1205364 kB
Mlocked:             136 kB
SwapTotal:      15625212 kB
SwapFree:       15625212 kB
Zswap:                 0 kB
Zswapped:              0 kB
Dirty:              1776 kB
Writeback:             0 kB
AnonPages:       6344976 kB
Mapped:          1530160 kB
Shmem:           1612156 kB
KReclaimable:     221436 kB
Slab:             457408 kB
SReclaimable:     221436 kB
SUnreclaim:       235972 kB
KernelStack:       23120 kB
PageTables:        83420 kB
SecPageTables:      4572 kB
NFS_Unstable:          0 kB
Bounce:                0 kB
WritebackTmp:          0 kB
CommitLimit:    31978432 kB
Committed_AS:   30323108 kB
VmallocTotal:   34359738367 kB
VmallocUsed:       69704 kB
VmallocChunk:          0 kB
Percpu:             7712 kB
HardwareCorrupted:     0 kB
AnonHugePages:         0 kB
ShmemHugePages:  1081344 kB
ShmemPmdMapped:        0 kB
FileHugePages:         0 kB
FilePmdMapped:         0 kB
Unaccepted:            0 kB
HugePages_Total:       0
HugePages_Free:        0
HugePages_Rsvd:        0
HugePages_Surp:        0
Hugepagesize:       2048 kB
Hugetlb:               0 kB
DirectMap4k:      209396 kB
DirectMap2M:     3825664 kB
DirectMap1G:    29360128 kB

/sys/kernel/mm/transparent_hugepage/enabled: always [madvise] never
/sys/kernel/mm/transparent_hugepage/hpage_pmd_size: 2097152
/sys/kernel/mm/transparent_hugepage/defrag (defrag/compaction efforts parameter): always defer defer+madvise [madvise] never

Process Memory:
Virtual Size: 11121460K (peak: 11121516K)
Resident Set Size: 69132K (peak: 69132K) (anon: 43408K, file: 25724K, shmem: 0K)
Swapped out: 0K
C-Heap outstanding allocations: 27806K, retained: 2769K
glibc malloc tunables: (default)

/proc/sys/kernel/threads-max (system-wide limit on the number of threads): 254526
/proc/sys/vm/max_map_count (maximum number of memory map areas a process may have): 1048576
/proc/sys/vm/swappiness (control to define how aggressively the kernel swaps out anonymous memory): 60
/proc/sys/kernel/pid_max (system-wide limit on number of process identifiers): 4194304

container (cgroup) information:
container_type: cgroupv2
cpu_cpuset_cpus: not supported
cpu_memory_nodes: not supported
active_processor_count: 8
cpu_quota: not supported
cpu_period: not supported
cpu_shares: not supported
memory_limit_in_bytes: unlimited
memory_and_swap_limit_in_bytes: unlimited
memory_soft_limit_in_bytes: 0
memory_usage_in_bytes: 3413900 k
memory_max_usage_in_bytes: not supported
memory_swap_current_in_bytes: 0
memory_swap_max_limit_in_bytes: unlimited
maximum number of tasks: 38178
current number of tasks: 202

Steal ticks since vm start: 0
Steal ticks percentage since vm start:  0.000

CPU: total 8 (initial active 8) (4 cores per cpu, 2 threads per core) family 6 model 158 stepping 10 microcode 0xfa, cx8, cmov, fxsr, ht, mmx, 3dnowpref, sse, sse2, sse3, ssse3, sse4.1, sse4.2, popcnt, lzcnt, tsc, tscinvbit, avx, avx2, aes, erms, clmul, bmi1, bmi2, adx, fma, vzeroupper, clflush, clflushopt, rdtscp, f16c
CPU Model and flags from /proc/cpuinfo:
model name	: Intel(R) Core(TM) i5-9300H CPU @ 2.40GHz
flags		: fpu vme de pse tsc msr pae mce cx8 apic sep mtrr pge mca cmov pat pse36 clflush dts acpi mmx fxsr sse sse2 ss ht tm pbe syscall nx pdpe1gb rdtscp lm constant_tsc art arch_perfmon pebs bts rep_good nopl xtopology nonstop_tsc cpuid aperfmperf pni pclmulqdq dtes64 monitor ds_cpl vmx est tm2 ssse3 sdbg fma cx16 xtpr pdcm pcid sse4_1 sse4_2 x2apic movbe popcnt tsc_deadline_timer aes xsave avx f16c rdrand lahf_lm abm 3dnowprefetch cpuid_fault epb pti ssbd ibrs ibpb stibp tpr_shadow flexpriority ept vpid ept_ad fsgsbase tsc_adjust bmi1 avx2 smep bmi2 erms invpcid mpx rdseed adx smap clflushopt intel_pt xsaveopt xsavec xgetbv1 xsaves dtherm ida arat pln pts hwp hwp_notify hwp_act_window hwp_epp vnmi md_clear flush_l1d arch_capabilities

Online cpus: 0-7
Offline cpus: 
BIOS frequency limitation: <Not Available>
Frequency switch latency (ns): 0
Available cpu frequencies: <Not Available>
Current governor: powersave
Core performance/turbo boost: <Not Available>

Memory: 4k page, physical 32706440k(23748528k free), swap 15625212k(15625212k free)
Page Sizes: 4k

vm_info: OpenJDK 64-Bit Server VM (21.0.8+9-LTS) for linux-amd64 JRE (21.0.8+9-LTS), built on 2025-07-15T00:00:00Z by "admin" with gcc 11.3.0

END.
